[0.219s] DEBUG:colcon:Command line arguments: ['/usr/bin/colcon', 'build', '--packages-select', 'nxp_cup_interfaces', '--symlink-install']
[0.219s] DEBUG:colcon:Parsed command line arguments: Namespace(allow_overriding=[], ament_cmake_args=None, base_paths=['.'], build_base='build', catkin_cmake_args=None, catkin_skip_building_tests=False, cmake_args=None, cmake_clean_cache=False, cmake_clean_first=False, cmake_force_configure=False, cmake_target=None, cmake_target_skip_unavailable=False, continue_on_error=False, event_handlers=None, executor='parallel', ignore_user_meta=False, install_base='install', log_base=None, log_level=None, main=<bound method BuildVerb.main of <colcon_core.verb.build.BuildVerb object at 0x7ff71ed515e0>>, merge_install=False, metas=['./colcon.meta'], packages_above=None, packages_above_and_dependencies=None, packages_above_depth=None, packages_end=None, packages_ignore=None, packages_ignore_regex=None, packages_select=['nxp_cup_interfaces'], packages_select_build_failed=False, packages_select_by_dep=None, packages_select_regex=None, packages_select_test_failures=False, packages_skip=None, packages_skip_build_finished=False, packages_skip_by_dep=None, packages_skip_regex=None, packages_skip_test_passed=False, packages_skip_up_to=None, packages_start=None, packages_up_to=None, packages_up_to_regex=None, parallel_workers=8, paths=None, symlink_install=True, test_result_base=None, verb_extension=<colcon_core.verb.build.BuildVerb object at 0x7ff71ed515e0>, verb_name='build', verb_parser=<colcon_defaults.argument_parser.defaults.DefaultArgumentsDecorator object at 0x7ff71e51c4c0>)
[0.272s] Level 1:colcon.colcon_core.package_discovery:discover_packages(colcon_meta) check parameters
[0.272s] Level 1:colcon.colcon_core.package_discovery:discover_packages(recursive) check parameters
[0.272s] Level 1:colcon.colcon_core.package_discovery:discover_packages(ignore) check parameters
[0.272s] Level 1:colcon.colcon_core.package_discovery:discover_packages(path) check parameters
[0.272s] Level 1:colcon.colcon_core.package_discovery:discover_packages(colcon_meta) discover
[0.272s] Level 1:colcon.colcon_core.package_discovery:discover_packages(recursive) discover
[0.272s] INFO:colcon.colcon_core.package_discovery:Crawling recursively for packages in '/home/pranay/ros2ws'
[0.272s] Level 1:colcon.colcon_core.package_identification:_identify(.) by extensions ['ignore', 'ignore_ament_install']
[0.272s] Level 1:colcon.colcon_core.package_identification:_identify(.) by extension 'ignore'
[0.272s] Level 1:colcon.colcon_core.package_identification:_identify(.) by extension 'ignore_ament_install'
[0.272s] Level 1:colcon.colcon_core.package_identification:_identify(.) by extensions ['colcon_pkg']
[0.272s] Level 1:colcon.colcon_core.package_identification:_identify(.) by extension 'colcon_pkg'
[0.272s] Level 1:colcon.colcon_core.package_identification:_identify(.) by extensions ['colcon_meta']
[0.272s] Level 1:colcon.colcon_core.package_identification:_identify(.) by extension 'colcon_meta'
[0.272s] Level 1:colcon.colcon_core.package_identification:_identify(.) by extensions ['ros']
[0.272s] Level 1:colcon.colcon_core.package_identification:_identify(.) by extension 'ros'
[0.283s] Level 1:colcon.colcon_core.package_identification:_identify(.) by extensions ['cmake', 'python']
[0.283s] Level 1:colcon.colcon_core.package_identification:_identify(.) by extension 'cmake'
[0.283s] Level 1:colcon.colcon_core.package_identification:_identify(.) by extension 'python'
[0.283s] Level 1:colcon.colcon_core.package_identification:_identify(.) by extensions ['python_setup_py']
[0.283s] Level 1:colcon.colcon_core.package_identification:_identify(.) by extension 'python_setup_py'
[0.284s] Level 1:colcon.colcon_core.package_identification:_identify(build) by extensions ['ignore', 'ignore_ament_install']
[0.284s] Level 1:colcon.colcon_core.package_identification:_identify(build) by extension 'ignore'
[0.284s] Level 1:colcon.colcon_core.package_identification:_identify(build) ignored
[0.284s] Level 1:colcon.colcon_core.package_identification:_identify(install) by extensions ['ignore', 'ignore_ament_install']
[0.284s] Level 1:colcon.colcon_core.package_identification:_identify(install) by extension 'ignore'
[0.284s] Level 1:colcon.colcon_core.package_identification:_identify(install) ignored
[0.284s] Level 1:colcon.colcon_core.package_identification:_identify(log) by extensions ['ignore', 'ignore_ament_install']
[0.284s] Level 1:colcon.colcon_core.package_identification:_identify(log) by extension 'ignore'
[0.284s] Level 1:colcon.colcon_core.package_identification:_identify(log) ignored
[0.284s] Level 1:colcon.colcon_core.package_identification:_identify(nxp_gazebo) by extensions ['ignore', 'ignore_ament_install']
[0.284s] Level 1:colcon.colcon_core.package_identification:_identify(nxp_gazebo) by extension 'ignore'
[0.284s] Level 1:colcon.colcon_core.package_identification:_identify(nxp_gazebo) by extension 'ignore_ament_install'
[0.284s] Level 1:colcon.colcon_core.package_identification:_identify(nxp_gazebo) by extensions ['colcon_pkg']
[0.284s] Level 1:colcon.colcon_core.package_identification:_identify(nxp_gazebo) by extension 'colcon_pkg'
[0.284s] Level 1:colcon.colcon_core.package_identification:_identify(nxp_gazebo) by extensions ['colcon_meta']
[0.284s] Level 1:colcon.colcon_core.package_identification:_identify(nxp_gazebo) by extension 'colcon_meta'
[0.284s] Level 1:colcon.colcon_core.package_identification:_identify(nxp_gazebo) by extensions ['ros']
[0.284s] Level 1:colcon.colcon_core.package_identification:_identify(nxp_gazebo) by extension 'ros'
[0.285s] Level 1:colcon.colcon_core.package_identification:_identify(nxp_gazebo) by extensions ['cmake', 'python']
[0.285s] Level 1:colcon.colcon_core.package_identification:_identify(nxp_gazebo) by extension 'cmake'
[0.285s] Level 1:colcon.colcon_core.package_identification:_identify(nxp_gazebo) by extension 'python'
[0.285s] Level 1:colcon.colcon_core.package_identification:_identify(nxp_gazebo) by extensions ['python_setup_py']
[0.285s] Level 1:colcon.colcon_core.package_identification:_identify(nxp_gazebo) by extension 'python_setup_py'
[0.285s] Level 1:colcon.colcon_core.package_identification:_identify(nxp_gazebo/models) by extensions ['ignore', 'ignore_ament_install']
[0.285s] Level 1:colcon.colcon_core.package_identification:_identify(nxp_gazebo/models) by extension 'ignore'
[0.285s] Level 1:colcon.colcon_core.package_identification:_identify(nxp_gazebo/models) by extension 'ignore_ament_install'
[0.285s] Level 1:colcon.colcon_core.package_identification:_identify(nxp_gazebo/models) by extensions ['colcon_pkg']
[0.285s] Level 1:colcon.colcon_core.package_identification:_identify(nxp_gazebo/models) by extension 'colcon_pkg'
[0.285s] Level 1:colcon.colcon_core.package_identification:_identify(nxp_gazebo/models) by extensions ['colcon_meta']
[0.285s] Level 1:colcon.colcon_core.package_identification:_identify(nxp_gazebo/models) by extension 'colcon_meta'
[0.285s] Level 1:colcon.colcon_core.package_identification:_identify(nxp_gazebo/models) by extensions ['ros']
[0.285s] Level 1:colcon.colcon_core.package_identification:_identify(nxp_gazebo/models) by extension 'ros'
[0.285s] Level 1:colcon.colcon_core.package_identification:_identify(nxp_gazebo/models) by extensions ['cmake', 'python']
[0.285s] Level 1:colcon.colcon_core.package_identification:_identify(nxp_gazebo/models) by extension 'cmake'
[0.285s] Level 1:colcon.colcon_core.package_identification:_identify(nxp_gazebo/models) by extension 'python'
[0.285s] Level 1:colcon.colcon_core.package_identification:_identify(nxp_gazebo/models) by extensions ['python_setup_py']
[0.285s] Level 1:colcon.colcon_core.package_identification:_identify(nxp_gazebo/models) by extension 'python_setup_py'
[0.285s] Level 1:colcon.colcon_core.package_identification:_identify(nxp_gazebo/models/nxp_cupcar) by extensions ['ignore', 'ignore_ament_install']
[0.285s] Level 1:colcon.colcon_core.package_identification:_identify(nxp_gazebo/models/nxp_cupcar) by extension 'ignore'
[0.285s] Level 1:colcon.colcon_core.package_identification:_identify(nxp_gazebo/models/nxp_cupcar) by extension 'ignore_ament_install'
[0.285s] Level 1:colcon.colcon_core.package_identification:_identify(nxp_gazebo/models/nxp_cupcar) by extensions ['colcon_pkg']
[0.285s] Level 1:colcon.colcon_core.package_identification:_identify(nxp_gazebo/models/nxp_cupcar) by extension 'colcon_pkg'
[0.286s] Level 1:colcon.colcon_core.package_identification:_identify(nxp_gazebo/models/nxp_cupcar) by extensions ['colcon_meta']
[0.286s] Level 1:colcon.colcon_core.package_identification:_identify(nxp_gazebo/models/nxp_cupcar) by extension 'colcon_meta'
[0.286s] Level 1:colcon.colcon_core.package_identification:_identify(nxp_gazebo/models/nxp_cupcar) by extensions ['ros']
[0.286s] Level 1:colcon.colcon_core.package_identification:_identify(nxp_gazebo/models/nxp_cupcar) by extension 'ros'
[0.286s] Level 1:colcon.colcon_core.package_identification:_identify(nxp_gazebo/models/nxp_cupcar) by extensions ['cmake', 'python']
[0.286s] Level 1:colcon.colcon_core.package_identification:_identify(nxp_gazebo/models/nxp_cupcar) by extension 'cmake'
[0.286s] Level 1:colcon.colcon_core.package_identification:_identify(nxp_gazebo/models/nxp_cupcar) by extension 'python'
[0.286s] Level 1:colcon.colcon_core.package_identification:_identify(nxp_gazebo/models/nxp_cupcar) by extensions ['python_setup_py']
[0.286s] Level 1:colcon.colcon_core.package_identification:_identify(nxp_gazebo/models/nxp_cupcar) by extension 'python_setup_py'
[0.286s] Level 1:colcon.colcon_core.package_identification:_identify(nxp_gazebo/models/nxp_cupcar/materials) by extensions ['ignore', 'ignore_ament_install']
[0.286s] Level 1:colcon.colcon_core.package_identification:_identify(nxp_gazebo/models/nxp_cupcar/materials) by extension 'ignore'
[0.286s] Level 1:colcon.colcon_core.package_identification:_identify(nxp_gazebo/models/nxp_cupcar/materials) by extension 'ignore_ament_install'
[0.286s] Level 1:colcon.colcon_core.package_identification:_identify(nxp_gazebo/models/nxp_cupcar/materials) by extensions ['colcon_pkg']
[0.286s] Level 1:colcon.colcon_core.package_identification:_identify(nxp_gazebo/models/nxp_cupcar/materials) by extension 'colcon_pkg'
[0.286s] Level 1:colcon.colcon_core.package_identification:_identify(nxp_gazebo/models/nxp_cupcar/materials) by extensions ['colcon_meta']
[0.286s] Level 1:colcon.colcon_core.package_identification:_identify(nxp_gazebo/models/nxp_cupcar/materials) by extension 'colcon_meta'
[0.286s] Level 1:colcon.colcon_core.package_identification:_identify(nxp_gazebo/models/nxp_cupcar/materials) by extensions ['ros']
[0.286s] Level 1:colcon.colcon_core.package_identification:_identify(nxp_gazebo/models/nxp_cupcar/materials) by extension 'ros'
[0.286s] Level 1:colcon.colcon_core.package_identification:_identify(nxp_gazebo/models/nxp_cupcar/materials) by extensions ['cmake', 'python']
[0.286s] Level 1:colcon.colcon_core.package_identification:_identify(nxp_gazebo/models/nxp_cupcar/materials) by extension 'cmake'
[0.286s] Level 1:colcon.colcon_core.package_identification:_identify(nxp_gazebo/models/nxp_cupcar/materials) by extension 'python'
[0.286s] Level 1:colcon.colcon_core.package_identification:_identify(nxp_gazebo/models/nxp_cupcar/materials) by extensions ['python_setup_py']
[0.286s] Level 1:colcon.colcon_core.package_identification:_identify(nxp_gazebo/models/nxp_cupcar/materials) by extension 'python_setup_py'
[0.286s] Level 1:colcon.colcon_core.package_identification:_identify(nxp_gazebo/models/nxp_cupcar/materials/logo) by extensions ['ignore', 'ignore_ament_install']
[0.287s] Level 1:colcon.colcon_core.package_identification:_identify(nxp_gazebo/models/nxp_cupcar/materials/logo) by extension 'ignore'
[0.287s] Level 1:colcon.colcon_core.package_identification:_identify(nxp_gazebo/models/nxp_cupcar/materials/logo) by extension 'ignore_ament_install'
[0.287s] Level 1:colcon.colcon_core.package_identification:_identify(nxp_gazebo/models/nxp_cupcar/materials/logo) by extensions ['colcon_pkg']
[0.287s] Level 1:colcon.colcon_core.package_identification:_identify(nxp_gazebo/models/nxp_cupcar/materials/logo) by extension 'colcon_pkg'
[0.287s] Level 1:colcon.colcon_core.package_identification:_identify(nxp_gazebo/models/nxp_cupcar/materials/logo) by extensions ['colcon_meta']
[0.287s] Level 1:colcon.colcon_core.package_identification:_identify(nxp_gazebo/models/nxp_cupcar/materials/logo) by extension 'colcon_meta'
[0.287s] Level 1:colcon.colcon_core.package_identification:_identify(nxp_gazebo/models/nxp_cupcar/materials/logo) by extensions ['ros']
[0.287s] Level 1:colcon.colcon_core.package_identification:_identify(nxp_gazebo/models/nxp_cupcar/materials/logo) by extension 'ros'
[0.287s] Level 1:colcon.colcon_core.package_identification:_identify(nxp_gazebo/models/nxp_cupcar/materials/logo) by extensions ['cmake', 'python']
[0.287s] Level 1:colcon.colcon_core.package_identification:_identify(nxp_gazebo/models/nxp_cupcar/materials/logo) by extension 'cmake'
[0.287s] Level 1:colcon.colcon_core.package_identification:_identify(nxp_gazebo/models/nxp_cupcar/materials/logo) by extension 'python'
[0.287s] Level 1:colcon.colcon_core.package_identification:_identify(nxp_gazebo/models/nxp_cupcar/materials/logo) by extensions ['python_setup_py']
[0.287s] Level 1:colcon.colcon_core.package_identification:_identify(nxp_gazebo/models/nxp_cupcar/materials/logo) by extension 'python_setup_py'
[0.287s] Level 1:colcon.colcon_core.package_identification:_identify(nxp_gazebo/models/nxp_cupcar/materials/scripts) by extensions ['ignore', 'ignore_ament_install']
[0.287s] Level 1:colcon.colcon_core.package_identification:_identify(nxp_gazebo/models/nxp_cupcar/materials/scripts) by extension 'ignore'
[0.287s] Level 1:colcon.colcon_core.package_identification:_identify(nxp_gazebo/models/nxp_cupcar/materials/scripts) by extension 'ignore_ament_install'
[0.287s] Level 1:colcon.colcon_core.package_identification:_identify(nxp_gazebo/models/nxp_cupcar/materials/scripts) by extensions ['colcon_pkg']
[0.287s] Level 1:colcon.colcon_core.package_identification:_identify(nxp_gazebo/models/nxp_cupcar/materials/scripts) by extension 'colcon_pkg'
[0.287s] Level 1:colcon.colcon_core.package_identification:_identify(nxp_gazebo/models/nxp_cupcar/materials/scripts) by extensions ['colcon_meta']
[0.287s] Level 1:colcon.colcon_core.package_identification:_identify(nxp_gazebo/models/nxp_cupcar/materials/scripts) by extension 'colcon_meta'
[0.287s] Level 1:colcon.colcon_core.package_identification:_identify(nxp_gazebo/models/nxp_cupcar/materials/scripts) by extensions ['ros']
[0.287s] Level 1:colcon.colcon_core.package_identification:_identify(nxp_gazebo/models/nxp_cupcar/materials/scripts) by extension 'ros'
[0.287s] Level 1:colcon.colcon_core.package_identification:_identify(nxp_gazebo/models/nxp_cupcar/materials/scripts) by extensions ['cmake', 'python']
[0.287s] Level 1:colcon.colcon_core.package_identification:_identify(nxp_gazebo/models/nxp_cupcar/materials/scripts) by extension 'cmake'
[0.288s] Level 1:colcon.colcon_core.package_identification:_identify(nxp_gazebo/models/nxp_cupcar/materials/scripts) by extension 'python'
[0.288s] Level 1:colcon.colcon_core.package_identification:_identify(nxp_gazebo/models/nxp_cupcar/materials/scripts) by extensions ['python_setup_py']
[0.288s] Level 1:colcon.colcon_core.package_identification:_identify(nxp_gazebo/models/nxp_cupcar/materials/scripts) by extension 'python_setup_py'
[0.288s] Level 1:colcon.colcon_core.package_identification:_identify(nxp_gazebo/models/nxp_cupcar/meshes) by extensions ['ignore', 'ignore_ament_install']
[0.288s] Level 1:colcon.colcon_core.package_identification:_identify(nxp_gazebo/models/nxp_cupcar/meshes) by extension 'ignore'
[0.288s] Level 1:colcon.colcon_core.package_identification:_identify(nxp_gazebo/models/nxp_cupcar/meshes) by extension 'ignore_ament_install'
[0.288s] Level 1:colcon.colcon_core.package_identification:_identify(nxp_gazebo/models/nxp_cupcar/meshes) by extensions ['colcon_pkg']
[0.288s] Level 1:colcon.colcon_core.package_identification:_identify(nxp_gazebo/models/nxp_cupcar/meshes) by extension 'colcon_pkg'
[0.288s] Level 1:colcon.colcon_core.package_identification:_identify(nxp_gazebo/models/nxp_cupcar/meshes) by extensions ['colcon_meta']
[0.288s] Level 1:colcon.colcon_core.package_identification:_identify(nxp_gazebo/models/nxp_cupcar/meshes) by extension 'colcon_meta'
[0.288s] Level 1:colcon.colcon_core.package_identification:_identify(nxp_gazebo/models/nxp_cupcar/meshes) by extensions ['ros']
[0.288s] Level 1:colcon.colcon_core.package_identification:_identify(nxp_gazebo/models/nxp_cupcar/meshes) by extension 'ros'
[0.288s] Level 1:colcon.colcon_core.package_identification:_identify(nxp_gazebo/models/nxp_cupcar/meshes) by extensions ['cmake', 'python']
[0.288s] Level 1:colcon.colcon_core.package_identification:_identify(nxp_gazebo/models/nxp_cupcar/meshes) by extension 'cmake'
[0.288s] Level 1:colcon.colcon_core.package_identification:_identify(nxp_gazebo/models/nxp_cupcar/meshes) by extension 'python'
[0.288s] Level 1:colcon.colcon_core.package_identification:_identify(nxp_gazebo/models/nxp_cupcar/meshes) by extensions ['python_setup_py']
[0.288s] Level 1:colcon.colcon_core.package_identification:_identify(nxp_gazebo/models/nxp_cupcar/meshes) by extension 'python_setup_py'
[0.288s] Level 1:colcon.colcon_core.package_identification:_identify(nxp_gazebo/models/nxp_raceway_overpass) by extensions ['ignore', 'ignore_ament_install']
[0.288s] Level 1:colcon.colcon_core.package_identification:_identify(nxp_gazebo/models/nxp_raceway_overpass) by extension 'ignore'
[0.288s] Level 1:colcon.colcon_core.package_identification:_identify(nxp_gazebo/models/nxp_raceway_overpass) by extension 'ignore_ament_install'
[0.288s] Level 1:colcon.colcon_core.package_identification:_identify(nxp_gazebo/models/nxp_raceway_overpass) by extensions ['colcon_pkg']
[0.288s] Level 1:colcon.colcon_core.package_identification:_identify(nxp_gazebo/models/nxp_raceway_overpass) by extension 'colcon_pkg'
[0.288s] Level 1:colcon.colcon_core.package_identification:_identify(nxp_gazebo/models/nxp_raceway_overpass) by extensions ['colcon_meta']
[0.288s] Level 1:colcon.colcon_core.package_identification:_identify(nxp_gazebo/models/nxp_raceway_overpass) by extension 'colcon_meta'
[0.289s] Level 1:colcon.colcon_core.package_identification:_identify(nxp_gazebo/models/nxp_raceway_overpass) by extensions ['ros']
[0.289s] Level 1:colcon.colcon_core.package_identification:_identify(nxp_gazebo/models/nxp_raceway_overpass) by extension 'ros'
[0.289s] Level 1:colcon.colcon_core.package_identification:_identify(nxp_gazebo/models/nxp_raceway_overpass) by extensions ['cmake', 'python']
[0.289s] Level 1:colcon.colcon_core.package_identification:_identify(nxp_gazebo/models/nxp_raceway_overpass) by extension 'cmake'
[0.289s] Level 1:colcon.colcon_core.package_identification:_identify(nxp_gazebo/models/nxp_raceway_overpass) by extension 'python'
[0.289s] Level 1:colcon.colcon_core.package_identification:_identify(nxp_gazebo/models/nxp_raceway_overpass) by extensions ['python_setup_py']
[0.289s] Level 1:colcon.colcon_core.package_identification:_identify(nxp_gazebo/models/nxp_raceway_overpass) by extension 'python_setup_py'
[0.289s] Level 1:colcon.colcon_core.package_identification:_identify(nxp_gazebo/models/nxp_raceway_overpass/meshes) by extensions ['ignore', 'ignore_ament_install']
[0.289s] Level 1:colcon.colcon_core.package_identification:_identify(nxp_gazebo/models/nxp_raceway_overpass/meshes) by extension 'ignore'
[0.289s] Level 1:colcon.colcon_core.package_identification:_identify(nxp_gazebo/models/nxp_raceway_overpass/meshes) by extension 'ignore_ament_install'
[0.289s] Level 1:colcon.colcon_core.package_identification:_identify(nxp_gazebo/models/nxp_raceway_overpass/meshes) by extensions ['colcon_pkg']
[0.289s] Level 1:colcon.colcon_core.package_identification:_identify(nxp_gazebo/models/nxp_raceway_overpass/meshes) by extension 'colcon_pkg'
[0.289s] Level 1:colcon.colcon_core.package_identification:_identify(nxp_gazebo/models/nxp_raceway_overpass/meshes) by extensions ['colcon_meta']
[0.289s] Level 1:colcon.colcon_core.package_identification:_identify(nxp_gazebo/models/nxp_raceway_overpass/meshes) by extension 'colcon_meta'
[0.289s] Level 1:colcon.colcon_core.package_identification:_identify(nxp_gazebo/models/nxp_raceway_overpass/meshes) by extensions ['ros']
[0.289s] Level 1:colcon.colcon_core.package_identification:_identify(nxp_gazebo/models/nxp_raceway_overpass/meshes) by extension 'ros'
[0.289s] Level 1:colcon.colcon_core.package_identification:_identify(nxp_gazebo/models/nxp_raceway_overpass/meshes) by extensions ['cmake', 'python']
[0.289s] Level 1:colcon.colcon_core.package_identification:_identify(nxp_gazebo/models/nxp_raceway_overpass/meshes) by extension 'cmake'
[0.289s] Level 1:colcon.colcon_core.package_identification:_identify(nxp_gazebo/models/nxp_raceway_overpass/meshes) by extension 'python'
[0.289s] Level 1:colcon.colcon_core.package_identification:_identify(nxp_gazebo/models/nxp_raceway_overpass/meshes) by extensions ['python_setup_py']
[0.289s] Level 1:colcon.colcon_core.package_identification:_identify(nxp_gazebo/models/nxp_raceway_overpass/meshes) by extension 'python_setup_py'
[0.289s] Level 1:colcon.colcon_core.package_identification:_identify(nxp_gazebo/models/pixy2_cmucam5) by extensions ['ignore', 'ignore_ament_install']
[0.289s] Level 1:colcon.colcon_core.package_identification:_identify(nxp_gazebo/models/pixy2_cmucam5) by extension 'ignore'
[0.290s] Level 1:colcon.colcon_core.package_identification:_identify(nxp_gazebo/models/pixy2_cmucam5) by extension 'ignore_ament_install'
[0.290s] Level 1:colcon.colcon_core.package_identification:_identify(nxp_gazebo/models/pixy2_cmucam5) by extensions ['colcon_pkg']
[0.290s] Level 1:colcon.colcon_core.package_identification:_identify(nxp_gazebo/models/pixy2_cmucam5) by extension 'colcon_pkg'
[0.290s] Level 1:colcon.colcon_core.package_identification:_identify(nxp_gazebo/models/pixy2_cmucam5) by extensions ['colcon_meta']
[0.290s] Level 1:colcon.colcon_core.package_identification:_identify(nxp_gazebo/models/pixy2_cmucam5) by extension 'colcon_meta'
[0.290s] Level 1:colcon.colcon_core.package_identification:_identify(nxp_gazebo/models/pixy2_cmucam5) by extensions ['ros']
[0.290s] Level 1:colcon.colcon_core.package_identification:_identify(nxp_gazebo/models/pixy2_cmucam5) by extension 'ros'
[0.290s] Level 1:colcon.colcon_core.package_identification:_identify(nxp_gazebo/models/pixy2_cmucam5) by extensions ['cmake', 'python']
[0.290s] Level 1:colcon.colcon_core.package_identification:_identify(nxp_gazebo/models/pixy2_cmucam5) by extension 'cmake'
[0.290s] Level 1:colcon.colcon_core.package_identification:_identify(nxp_gazebo/models/pixy2_cmucam5) by extension 'python'
[0.290s] Level 1:colcon.colcon_core.package_identification:_identify(nxp_gazebo/models/pixy2_cmucam5) by extensions ['python_setup_py']
[0.290s] Level 1:colcon.colcon_core.package_identification:_identify(nxp_gazebo/models/pixy2_cmucam5) by extension 'python_setup_py'
[0.290s] Level 1:colcon.colcon_core.package_identification:_identify(nxp_gazebo/models/pixy2_cmucam5/meshes) by extensions ['ignore', 'ignore_ament_install']
[0.290s] Level 1:colcon.colcon_core.package_identification:_identify(nxp_gazebo/models/pixy2_cmucam5/meshes) by extension 'ignore'
[0.290s] Level 1:colcon.colcon_core.package_identification:_identify(nxp_gazebo/models/pixy2_cmucam5/meshes) by extension 'ignore_ament_install'
[0.290s] Level 1:colcon.colcon_core.package_identification:_identify(nxp_gazebo/models/pixy2_cmucam5/meshes) by extensions ['colcon_pkg']
[0.290s] Level 1:colcon.colcon_core.package_identification:_identify(nxp_gazebo/models/pixy2_cmucam5/meshes) by extension 'colcon_pkg'
[0.290s] Level 1:colcon.colcon_core.package_identification:_identify(nxp_gazebo/models/pixy2_cmucam5/meshes) by extensions ['colcon_meta']
[0.290s] Level 1:colcon.colcon_core.package_identification:_identify(nxp_gazebo/models/pixy2_cmucam5/meshes) by extension 'colcon_meta'
[0.290s] Level 1:colcon.colcon_core.package_identification:_identify(nxp_gazebo/models/pixy2_cmucam5/meshes) by extensions ['ros']
[0.290s] Level 1:colcon.colcon_core.package_identification:_identify(nxp_gazebo/models/pixy2_cmucam5/meshes) by extension 'ros'
[0.290s] Level 1:colcon.colcon_core.package_identification:_identify(nxp_gazebo/models/pixy2_cmucam5/meshes) by extensions ['cmake', 'python']
[0.290s] Level 1:colcon.colcon_core.package_identification:_identify(nxp_gazebo/models/pixy2_cmucam5/meshes) by extension 'cmake'
[0.290s] Level 1:colcon.colcon_core.package_identification:_identify(nxp_gazebo/models/pixy2_cmucam5/meshes) by extension 'python'
[0.290s] Level 1:colcon.colcon_core.package_identification:_identify(nxp_gazebo/models/pixy2_cmucam5/meshes) by extensions ['python_setup_py']
[0.290s] Level 1:colcon.colcon_core.package_identification:_identify(nxp_gazebo/models/pixy2_cmucam5/meshes) by extension 'python_setup_py'
[0.291s] Level 1:colcon.colcon_core.package_identification:_identify(nxp_gazebo/models/start_point) by extensions ['ignore', 'ignore_ament_install']
[0.291s] Level 1:colcon.colcon_core.package_identification:_identify(nxp_gazebo/models/start_point) by extension 'ignore'
[0.291s] Level 1:colcon.colcon_core.package_identification:_identify(nxp_gazebo/models/start_point) by extension 'ignore_ament_install'
[0.291s] Level 1:colcon.colcon_core.package_identification:_identify(nxp_gazebo/models/start_point) by extensions ['colcon_pkg']
[0.291s] Level 1:colcon.colcon_core.package_identification:_identify(nxp_gazebo/models/start_point) by extension 'colcon_pkg'
[0.291s] Level 1:colcon.colcon_core.package_identification:_identify(nxp_gazebo/models/start_point) by extensions ['colcon_meta']
[0.291s] Level 1:colcon.colcon_core.package_identification:_identify(nxp_gazebo/models/start_point) by extension 'colcon_meta'
[0.291s] Level 1:colcon.colcon_core.package_identification:_identify(nxp_gazebo/models/start_point) by extensions ['ros']
[0.291s] Level 1:colcon.colcon_core.package_identification:_identify(nxp_gazebo/models/start_point) by extension 'ros'
[0.291s] Level 1:colcon.colcon_core.package_identification:_identify(nxp_gazebo/models/start_point) by extensions ['cmake', 'python']
[0.291s] Level 1:colcon.colcon_core.package_identification:_identify(nxp_gazebo/models/start_point) by extension 'cmake'
[0.291s] Level 1:colcon.colcon_core.package_identification:_identify(nxp_gazebo/models/start_point) by extension 'python'
[0.291s] Level 1:colcon.colcon_core.package_identification:_identify(nxp_gazebo/models/start_point) by extensions ['python_setup_py']
[0.291s] Level 1:colcon.colcon_core.package_identification:_identify(nxp_gazebo/models/start_point) by extension 'python_setup_py'
[0.291s] Level 1:colcon.colcon_core.package_identification:_identify(nxp_gazebo/models/start_point/materials) by extensions ['ignore', 'ignore_ament_install']
[0.291s] Level 1:colcon.colcon_core.package_identification:_identify(nxp_gazebo/models/start_point/materials) by extension 'ignore'
[0.291s] Level 1:colcon.colcon_core.package_identification:_identify(nxp_gazebo/models/start_point/materials) by extension 'ignore_ament_install'
[0.291s] Level 1:colcon.colcon_core.package_identification:_identify(nxp_gazebo/models/start_point/materials) by extensions ['colcon_pkg']
[0.291s] Level 1:colcon.colcon_core.package_identification:_identify(nxp_gazebo/models/start_point/materials) by extension 'colcon_pkg'
[0.291s] Level 1:colcon.colcon_core.package_identification:_identify(nxp_gazebo/models/start_point/materials) by extensions ['colcon_meta']
[0.291s] Level 1:colcon.colcon_core.package_identification:_identify(nxp_gazebo/models/start_point/materials) by extension 'colcon_meta'
[0.291s] Level 1:colcon.colcon_core.package_identification:_identify(nxp_gazebo/models/start_point/materials) by extensions ['ros']
[0.292s] Level 1:colcon.colcon_core.package_identification:_identify(nxp_gazebo/models/start_point/materials) by extension 'ros'
[0.292s] Level 1:colcon.colcon_core.package_identification:_identify(nxp_gazebo/models/start_point/materials) by extensions ['cmake', 'python']
[0.292s] Level 1:colcon.colcon_core.package_identification:_identify(nxp_gazebo/models/start_point/materials) by extension 'cmake'
[0.292s] Level 1:colcon.colcon_core.package_identification:_identify(nxp_gazebo/models/start_point/materials) by extension 'python'
[0.292s] Level 1:colcon.colcon_core.package_identification:_identify(nxp_gazebo/models/start_point/materials) by extensions ['python_setup_py']
[0.292s] Level 1:colcon.colcon_core.package_identification:_identify(nxp_gazebo/models/start_point/materials) by extension 'python_setup_py'
[0.292s] Level 1:colcon.colcon_core.package_identification:_identify(nxp_gazebo/models/start_point/materials/scripts) by extensions ['ignore', 'ignore_ament_install']
[0.292s] Level 1:colcon.colcon_core.package_identification:_identify(nxp_gazebo/models/start_point/materials/scripts) by extension 'ignore'
[0.292s] Level 1:colcon.colcon_core.package_identification:_identify(nxp_gazebo/models/start_point/materials/scripts) by extension 'ignore_ament_install'
[0.292s] Level 1:colcon.colcon_core.package_identification:_identify(nxp_gazebo/models/start_point/materials/scripts) by extensions ['colcon_pkg']
[0.292s] Level 1:colcon.colcon_core.package_identification:_identify(nxp_gazebo/models/start_point/materials/scripts) by extension 'colcon_pkg'
[0.292s] Level 1:colcon.colcon_core.package_identification:_identify(nxp_gazebo/models/start_point/materials/scripts) by extensions ['colcon_meta']
[0.292s] Level 1:colcon.colcon_core.package_identification:_identify(nxp_gazebo/models/start_point/materials/scripts) by extension 'colcon_meta'
[0.292s] Level 1:colcon.colcon_core.package_identification:_identify(nxp_gazebo/models/start_point/materials/scripts) by extensions ['ros']
[0.292s] Level 1:colcon.colcon_core.package_identification:_identify(nxp_gazebo/models/start_point/materials/scripts) by extension 'ros'
[0.292s] Level 1:colcon.colcon_core.package_identification:_identify(nxp_gazebo/models/start_point/materials/scripts) by extensions ['cmake', 'python']
[0.292s] Level 1:colcon.colcon_core.package_identification:_identify(nxp_gazebo/models/start_point/materials/scripts) by extension 'cmake'
[0.292s] Level 1:colcon.colcon_core.package_identification:_identify(nxp_gazebo/models/start_point/materials/scripts) by extension 'python'
[0.292s] Level 1:colcon.colcon_core.package_identification:_identify(nxp_gazebo/models/start_point/materials/scripts) by extensions ['python_setup_py']
[0.292s] Level 1:colcon.colcon_core.package_identification:_identify(nxp_gazebo/models/start_point/materials/scripts) by extension 'python_setup_py'
[0.292s] Level 1:colcon.colcon_core.package_identification:_identify(nxp_gazebo/models/start_point/materials/textures) by extensions ['ignore', 'ignore_ament_install']
[0.293s] Level 1:colcon.colcon_core.package_identification:_identify(nxp_gazebo/models/start_point/materials/textures) by extension 'ignore'
[0.293s] Level 1:colcon.colcon_core.package_identification:_identify(nxp_gazebo/models/start_point/materials/textures) by extension 'ignore_ament_install'
[0.293s] Level 1:colcon.colcon_core.package_identification:_identify(nxp_gazebo/models/start_point/materials/textures) by extensions ['colcon_pkg']
[0.293s] Level 1:colcon.colcon_core.package_identification:_identify(nxp_gazebo/models/start_point/materials/textures) by extension 'colcon_pkg'
[0.293s] Level 1:colcon.colcon_core.package_identification:_identify(nxp_gazebo/models/start_point/materials/textures) by extensions ['colcon_meta']
[0.293s] Level 1:colcon.colcon_core.package_identification:_identify(nxp_gazebo/models/start_point/materials/textures) by extension 'colcon_meta'
[0.293s] Level 1:colcon.colcon_core.package_identification:_identify(nxp_gazebo/models/start_point/materials/textures) by extensions ['ros']
[0.293s] Level 1:colcon.colcon_core.package_identification:_identify(nxp_gazebo/models/start_point/materials/textures) by extension 'ros'
[0.293s] Level 1:colcon.colcon_core.package_identification:_identify(nxp_gazebo/models/start_point/materials/textures) by extensions ['cmake', 'python']
[0.293s] Level 1:colcon.colcon_core.package_identification:_identify(nxp_gazebo/models/start_point/materials/textures) by extension 'cmake'
[0.293s] Level 1:colcon.colcon_core.package_identification:_identify(nxp_gazebo/models/start_point/materials/textures) by extension 'python'
[0.293s] Level 1:colcon.colcon_core.package_identification:_identify(nxp_gazebo/models/start_point/materials/textures) by extensions ['python_setup_py']
[0.293s] Level 1:colcon.colcon_core.package_identification:_identify(nxp_gazebo/models/start_point/materials/textures) by extension 'python_setup_py'
[0.293s] Level 1:colcon.colcon_core.package_identification:_identify(nxp_gazebo/scripts) by extensions ['ignore', 'ignore_ament_install']
[0.293s] Level 1:colcon.colcon_core.package_identification:_identify(nxp_gazebo/scripts) by extension 'ignore'
[0.293s] Level 1:colcon.colcon_core.package_identification:_identify(nxp_gazebo/scripts) by extension 'ignore_ament_install'
[0.293s] Level 1:colcon.colcon_core.package_identification:_identify(nxp_gazebo/scripts) by extensions ['colcon_pkg']
[0.293s] Level 1:colcon.colcon_core.package_identification:_identify(nxp_gazebo/scripts) by extension 'colcon_pkg'
[0.293s] Level 1:colcon.colcon_core.package_identification:_identify(nxp_gazebo/scripts) by extensions ['colcon_meta']
[0.293s] Level 1:colcon.colcon_core.package_identification:_identify(nxp_gazebo/scripts) by extension 'colcon_meta'
[0.293s] Level 1:colcon.colcon_core.package_identification:_identify(nxp_gazebo/scripts) by extensions ['ros']
[0.293s] Level 1:colcon.colcon_core.package_identification:_identify(nxp_gazebo/scripts) by extension 'ros'
[0.293s] Level 1:colcon.colcon_core.package_identification:_identify(nxp_gazebo/scripts) by extensions ['cmake', 'python']
[0.293s] Level 1:colcon.colcon_core.package_identification:_identify(nxp_gazebo/scripts) by extension 'cmake'
[0.293s] Level 1:colcon.colcon_core.package_identification:_identify(nxp_gazebo/scripts) by extension 'python'
[0.294s] Level 1:colcon.colcon_core.package_identification:_identify(nxp_gazebo/scripts) by extensions ['python_setup_py']
[0.294s] Level 1:colcon.colcon_core.package_identification:_identify(nxp_gazebo/scripts) by extension 'python_setup_py'
[0.294s] Level 1:colcon.colcon_core.package_identification:_identify(nxp_gazebo/worlds) by extensions ['ignore', 'ignore_ament_install']
[0.294s] Level 1:colcon.colcon_core.package_identification:_identify(nxp_gazebo/worlds) by extension 'ignore'
[0.294s] Level 1:colcon.colcon_core.package_identification:_identify(nxp_gazebo/worlds) by extension 'ignore_ament_install'
[0.294s] Level 1:colcon.colcon_core.package_identification:_identify(nxp_gazebo/worlds) by extensions ['colcon_pkg']
[0.294s] Level 1:colcon.colcon_core.package_identification:_identify(nxp_gazebo/worlds) by extension 'colcon_pkg'
[0.294s] Level 1:colcon.colcon_core.package_identification:_identify(nxp_gazebo/worlds) by extensions ['colcon_meta']
[0.294s] Level 1:colcon.colcon_core.package_identification:_identify(nxp_gazebo/worlds) by extension 'colcon_meta'
[0.294s] Level 1:colcon.colcon_core.package_identification:_identify(nxp_gazebo/worlds) by extensions ['ros']
[0.294s] Level 1:colcon.colcon_core.package_identification:_identify(nxp_gazebo/worlds) by extension 'ros'
[0.294s] Level 1:colcon.colcon_core.package_identification:_identify(nxp_gazebo/worlds) by extensions ['cmake', 'python']
[0.294s] Level 1:colcon.colcon_core.package_identification:_identify(nxp_gazebo/worlds) by extension 'cmake'
[0.294s] Level 1:colcon.colcon_core.package_identification:_identify(nxp_gazebo/worlds) by extension 'python'
[0.294s] Level 1:colcon.colcon_core.package_identification:_identify(nxp_gazebo/worlds) by extensions ['python_setup_py']
[0.294s] Level 1:colcon.colcon_core.package_identification:_identify(nxp_gazebo/worlds) by extension 'python_setup_py'
[0.294s] Level 1:colcon.colcon_core.package_identification:_identify(osrf) by extensions ['ignore', 'ignore_ament_install']
[0.294s] Level 1:colcon.colcon_core.package_identification:_identify(osrf) by extension 'ignore'
[0.294s] Level 1:colcon.colcon_core.package_identification:_identify(osrf) by extension 'ignore_ament_install'
[0.294s] Level 1:colcon.colcon_core.package_identification:_identify(osrf) by extensions ['colcon_pkg']
[0.294s] Level 1:colcon.colcon_core.package_identification:_identify(osrf) by extension 'colcon_pkg'
[0.294s] Level 1:colcon.colcon_core.package_identification:_identify(osrf) by extensions ['colcon_meta']
[0.294s] Level 1:colcon.colcon_core.package_identification:_identify(osrf) by extension 'colcon_meta'
[0.294s] Level 1:colcon.colcon_core.package_identification:_identify(osrf) by extensions ['ros']
[0.294s] Level 1:colcon.colcon_core.package_identification:_identify(osrf) by extension 'ros'
[0.295s] Level 1:colcon.colcon_core.package_identification:_identify(osrf) by extensions ['cmake', 'python']
[0.295s] Level 1:colcon.colcon_core.package_identification:_identify(osrf) by extension 'cmake'
[0.295s] Level 1:colcon.colcon_core.package_identification:_identify(osrf) by extension 'python'
[0.295s] Level 1:colcon.colcon_core.package_identification:_identify(osrf) by extensions ['python_setup_py']
[0.295s] Level 1:colcon.colcon_core.package_identification:_identify(osrf) by extension 'python_setup_py'
[0.295s] Level 1:colcon.colcon_core.package_identification:_identify(osrf/models) by extensions ['ignore', 'ignore_ament_install']
[0.295s] Level 1:colcon.colcon_core.package_identification:_identify(osrf/models) by extension 'ignore'
[0.295s] Level 1:colcon.colcon_core.package_identification:_identify(osrf/models) by extension 'ignore_ament_install'
[0.295s] Level 1:colcon.colcon_core.package_identification:_identify(osrf/models) by extensions ['colcon_pkg']
[0.295s] Level 1:colcon.colcon_core.package_identification:_identify(osrf/models) by extension 'colcon_pkg'
[0.295s] Level 1:colcon.colcon_core.package_identification:_identify(osrf/models) by extensions ['colcon_meta']
[0.295s] Level 1:colcon.colcon_core.package_identification:_identify(osrf/models) by extension 'colcon_meta'
[0.295s] Level 1:colcon.colcon_core.package_identification:_identify(osrf/models) by extensions ['ros']
[0.295s] Level 1:colcon.colcon_core.package_identification:_identify(osrf/models) by extension 'ros'
[0.295s] Level 1:colcon.colcon_core.package_identification:_identify(osrf/models) by extensions ['cmake', 'python']
[0.295s] Level 1:colcon.colcon_core.package_identification:_identify(osrf/models) by extension 'cmake'
[0.306s] Level 1:colcon.colcon_core.package_identification:_identify(osrf/models) by extension 'python'
[0.306s] DEBUG:colcon.colcon_core.package_identification:Package 'osrf/models' with type 'cmake' and name 'gazebo_models'
[0.306s] Level 1:colcon.colcon_core.package_identification:_identify(src) by extensions ['ignore', 'ignore_ament_install']
[0.306s] Level 1:colcon.colcon_core.package_identification:_identify(src) by extension 'ignore'
[0.306s] Level 1:colcon.colcon_core.package_identification:_identify(src) by extension 'ignore_ament_install'
[0.306s] Level 1:colcon.colcon_core.package_identification:_identify(src) by extensions ['colcon_pkg']
[0.306s] Level 1:colcon.colcon_core.package_identification:_identify(src) by extension 'colcon_pkg'
[0.306s] Level 1:colcon.colcon_core.package_identification:_identify(src) by extensions ['colcon_meta']
[0.306s] Level 1:colcon.colcon_core.package_identification:_identify(src) by extension 'colcon_meta'
[0.306s] Level 1:colcon.colcon_core.package_identification:_identify(src) by extensions ['ros']
[0.306s] Level 1:colcon.colcon_core.package_identification:_identify(src) by extension 'ros'
[0.306s] Level 1:colcon.colcon_core.package_identification:_identify(src) by extensions ['cmake', 'python']
[0.307s] Level 1:colcon.colcon_core.package_identification:_identify(src) by extension 'cmake'
[0.307s] Level 1:colcon.colcon_core.package_identification:_identify(src) by extension 'python'
[0.307s] Level 1:colcon.colcon_core.package_identification:_identify(src) by extensions ['python_setup_py']
[0.307s] Level 1:colcon.colcon_core.package_identification:_identify(src) by extension 'python_setup_py'
[0.307s] Level 1:colcon.colcon_core.package_identification:_identify(src/nxp_cup_interfaces) by extensions ['ignore', 'ignore_ament_install']
[0.307s] Level 1:colcon.colcon_core.package_identification:_identify(src/nxp_cup_interfaces) by extension 'ignore'
[0.307s] Level 1:colcon.colcon_core.package_identification:_identify(src/nxp_cup_interfaces) by extension 'ignore_ament_install'
[0.307s] Level 1:colcon.colcon_core.package_identification:_identify(src/nxp_cup_interfaces) by extensions ['colcon_pkg']
[0.307s] Level 1:colcon.colcon_core.package_identification:_identify(src/nxp_cup_interfaces) by extension 'colcon_pkg'
[0.307s] Level 1:colcon.colcon_core.package_identification:_identify(src/nxp_cup_interfaces) by extensions ['colcon_meta']
[0.307s] Level 1:colcon.colcon_core.package_identification:_identify(src/nxp_cup_interfaces) by extension 'colcon_meta'
[0.307s] Level 1:colcon.colcon_core.package_identification:_identify(src/nxp_cup_interfaces) by extensions ['ros']
[0.307s] Level 1:colcon.colcon_core.package_identification:_identify(src/nxp_cup_interfaces) by extension 'ros'
[0.309s] DEBUG:colcon.colcon_core.package_identification:Package 'src/nxp_cup_interfaces' with type 'ros.ament_cmake' and name 'nxp_cup_interfaces'
[0.309s] Level 1:colcon.colcon_core.package_identification:_identify(src/sim_gazebo_bringup) by extensions ['ignore', 'ignore_ament_install']
[0.309s] Level 1:colcon.colcon_core.package_identification:_identify(src/sim_gazebo_bringup) by extension 'ignore'
[0.309s] Level 1:colcon.colcon_core.package_identification:_identify(src/sim_gazebo_bringup) by extension 'ignore_ament_install'
[0.309s] Level 1:colcon.colcon_core.package_identification:_identify(src/sim_gazebo_bringup) by extensions ['colcon_pkg']
[0.309s] Level 1:colcon.colcon_core.package_identification:_identify(src/sim_gazebo_bringup) by extension 'colcon_pkg'
[0.309s] Level 1:colcon.colcon_core.package_identification:_identify(src/sim_gazebo_bringup) by extensions ['colcon_meta']
[0.309s] Level 1:colcon.colcon_core.package_identification:_identify(src/sim_gazebo_bringup) by extension 'colcon_meta'
[0.309s] Level 1:colcon.colcon_core.package_identification:_identify(src/sim_gazebo_bringup) by extensions ['ros']
[0.309s] Level 1:colcon.colcon_core.package_identification:_identify(src/sim_gazebo_bringup) by extension 'ros'
[0.310s] DEBUG:colcon.colcon_core.package_identification:Package 'src/sim_gazebo_bringup' with type 'ros.ament_cmake' and name 'sim_gazebo_bringup'
[0.310s] Level 1:colcon.colcon_core.package_discovery:discover_packages(recursive) using defaults
[0.310s] Level 1:colcon.colcon_core.package_discovery:discover_packages(ignore) discover
[0.310s] Level 1:colcon.colcon_core.package_discovery:discover_packages(ignore) using defaults
[0.310s] Level 1:colcon.colcon_core.package_discovery:discover_packages(path) discover
[0.310s] Level 1:colcon.colcon_core.package_discovery:discover_packages(path) using defaults
[0.326s] INFO:colcon.colcon_core.package_selection:Skipping not selected package 'gazebo_models' in 'osrf/models'
[0.326s] INFO:colcon.colcon_core.package_selection:Skipping not selected package 'sim_gazebo_bringup' in 'src/sim_gazebo_bringup'
[0.326s] Level 1:colcon.colcon_core.package_discovery:discover_packages(prefix_path) check parameters
[0.326s] Level 1:colcon.colcon_core.package_discovery:discover_packages(prefix_path) discover
[0.328s] DEBUG:colcon.colcon_installed_package_information.package_discovery:Found 1 installed packages in /home/pranay/ros2ws/install
[0.329s] DEBUG:colcon.colcon_installed_package_information.package_discovery:Found 300 installed packages in /opt/ros/foxy
[0.330s] Level 1:colcon.colcon_core.package_discovery:discover_packages(prefix_path) using defaults
[0.390s] Level 5:colcon.colcon_core.verb:set package 'nxp_cup_interfaces' build argument 'cmake_args' from command line to 'None'
[0.390s] Level 5:colcon.colcon_core.verb:set package 'nxp_cup_interfaces' build argument 'cmake_target' from command line to 'None'
[0.390s] Level 5:colcon.colcon_core.verb:set package 'nxp_cup_interfaces' build argument 'cmake_target_skip_unavailable' from command line to 'False'
[0.390s] Level 5:colcon.colcon_core.verb:set package 'nxp_cup_interfaces' build argument 'cmake_clean_cache' from command line to 'False'
[0.390s] Level 5:colcon.colcon_core.verb:set package 'nxp_cup_interfaces' build argument 'cmake_clean_first' from command line to 'False'
[0.390s] Level 5:colcon.colcon_core.verb:set package 'nxp_cup_interfaces' build argument 'cmake_force_configure' from command line to 'False'
[0.390s] Level 5:colcon.colcon_core.verb:set package 'nxp_cup_interfaces' build argument 'ament_cmake_args' from command line to 'None'
[0.390s] Level 5:colcon.colcon_core.verb:set package 'nxp_cup_interfaces' build argument 'catkin_cmake_args' from command line to 'None'
[0.390s] Level 5:colcon.colcon_core.verb:set package 'nxp_cup_interfaces' build argument 'catkin_skip_building_tests' from command line to 'False'
[0.390s] DEBUG:colcon.colcon_core.verb:Building package 'nxp_cup_interfaces' with the following arguments: {'ament_cmake_args': None, 'build_base': '/home/pranay/ros2ws/build/nxp_cup_interfaces', 'catkin_cmake_args': None, 'catkin_skip_building_tests': False, 'cmake_args': None, 'cmake_clean_cache': False, 'cmake_clean_first': False, 'cmake_force_configure': False, 'cmake_target': None, 'cmake_target_skip_unavailable': False, 'install_base': '/home/pranay/ros2ws/install/nxp_cup_interfaces', 'merge_install': False, 'path': '/home/pranay/ros2ws/src/nxp_cup_interfaces', 'symlink_install': True, 'test_result_base': None}
[0.390s] INFO:colcon.colcon_core.executor:Executing jobs using 'parallel' executor
[0.392s] DEBUG:colcon.colcon_parallel_executor.executor.parallel:run_until_complete
[0.392s] INFO:colcon.colcon_ros.task.ament_cmake.build:Building ROS package in '/home/pranay/ros2ws/src/nxp_cup_interfaces' with build type 'ament_cmake'
[0.392s] INFO:colcon.colcon_cmake.task.cmake.build:Building CMake package in '/home/pranay/ros2ws/src/nxp_cup_interfaces'
[0.395s] INFO:colcon.colcon_core.plugin_system:Skipping extension 'colcon_core.shell.bat': Not used on non-Windows systems
[0.395s] INFO:colcon.colcon_core.shell:Skip shell extension 'powershell' for command environment: Not usable outside of PowerShell
[0.395s] DEBUG:colcon.colcon_core.shell:Skip shell extension 'dsv' for command environment
[0.403s] DEBUG:colcon.colcon_core.event_handler.log_command:Invoking command in '/home/pranay/ros2ws/build/nxp_cup_interfaces': CMAKE_PREFIX_PATH=${CMAKE_PREFIX_PATH}:/opt/ros/foxy /usr/bin/cmake /home/pranay/ros2ws/src/nxp_cup_interfaces -DAMENT_CMAKE_SYMLINK_INSTALL=1 -DCMAKE_INSTALL_PREFIX=/home/pranay/ros2ws/install/nxp_cup_interfaces
[1.674s] DEBUG:colcon.colcon_core.event_handler.log_command:Invoked command in '/home/pranay/ros2ws/build/nxp_cup_interfaces' returned '0': CMAKE_PREFIX_PATH=${CMAKE_PREFIX_PATH}:/opt/ros/foxy /usr/bin/cmake /home/pranay/ros2ws/src/nxp_cup_interfaces -DAMENT_CMAKE_SYMLINK_INSTALL=1 -DCMAKE_INSTALL_PREFIX=/home/pranay/ros2ws/install/nxp_cup_interfaces
[1.676s] DEBUG:colcon.colcon_core.event_handler.log_command:Invoking command in '/home/pranay/ros2ws/build/nxp_cup_interfaces': CMAKE_PREFIX_PATH=${CMAKE_PREFIX_PATH}:/opt/ros/foxy /usr/bin/cmake --build /home/pranay/ros2ws/build/nxp_cup_interfaces -- -j8 -l8
[4.352s] DEBUG:colcon.colcon_core.event_handler.log_command:Invoked command in '/home/pranay/ros2ws/build/nxp_cup_interfaces' returned '0': CMAKE_PREFIX_PATH=${CMAKE_PREFIX_PATH}:/opt/ros/foxy /usr/bin/cmake --build /home/pranay/ros2ws/build/nxp_cup_interfaces -- -j8 -l8
[4.389s] DEBUG:colcon.colcon_core.event_handler.log_command:Invoking command in '/home/pranay/ros2ws/build/nxp_cup_interfaces': CMAKE_PREFIX_PATH=${CMAKE_PREFIX_PATH}:/opt/ros/foxy /usr/bin/cmake --install /home/pranay/ros2ws/build/nxp_cup_interfaces
[4.753s] Level 1:colcon.colcon_core.environment:create_environment_scripts_only(nxp_cup_interfaces)
[4.753s] DEBUG:colcon.colcon_core.event_handler.log_command:Invoked command in '/home/pranay/ros2ws/build/nxp_cup_interfaces' returned '0': CMAKE_PREFIX_PATH=${CMAKE_PREFIX_PATH}:/opt/ros/foxy /usr/bin/cmake --install /home/pranay/ros2ws/build/nxp_cup_interfaces
[4.756s] Level 1:colcon.colcon_core.environment:checking '/home/pranay/ros2ws/install/nxp_cup_interfaces' for CMake module files
[4.757s] Level 1:colcon.colcon_core.environment:checking '/home/pranay/ros2ws/install/nxp_cup_interfaces' for CMake config files
[4.757s] Level 1:colcon.colcon_core.shell:create_environment_hook('nxp_cup_interfaces', 'cmake_prefix_path')
[4.757s] INFO:colcon.colcon_core.shell:Creating environment hook '/home/pranay/ros2ws/install/nxp_cup_interfaces/share/nxp_cup_interfaces/hook/cmake_prefix_path.ps1'
[4.758s] INFO:colcon.colcon_core.shell:Creating environment descriptor '/home/pranay/ros2ws/install/nxp_cup_interfaces/share/nxp_cup_interfaces/hook/cmake_prefix_path.dsv'
[4.758s] INFO:colcon.colcon_core.shell:Creating environment hook '/home/pranay/ros2ws/install/nxp_cup_interfaces/share/nxp_cup_interfaces/hook/cmake_prefix_path.sh'
[4.759s] Level 1:colcon.colcon_core.environment:checking '/home/pranay/ros2ws/install/nxp_cup_interfaces/lib'
[4.759s] Level 1:colcon.colcon_core.shell:create_environment_hook('nxp_cup_interfaces', 'ld_library_path_lib')
[4.759s] INFO:colcon.colcon_core.shell:Creating environment hook '/home/pranay/ros2ws/install/nxp_cup_interfaces/share/nxp_cup_interfaces/hook/ld_library_path_lib.ps1'
[4.760s] INFO:colcon.colcon_core.shell:Creating environment descriptor '/home/pranay/ros2ws/install/nxp_cup_interfaces/share/nxp_cup_interfaces/hook/ld_library_path_lib.dsv'
[4.760s] INFO:colcon.colcon_core.shell:Creating environment hook '/home/pranay/ros2ws/install/nxp_cup_interfaces/share/nxp_cup_interfaces/hook/ld_library_path_lib.sh'
[4.760s] Level 1:colcon.colcon_core.environment:checking '/home/pranay/ros2ws/install/nxp_cup_interfaces/bin'
[4.760s] Level 1:colcon.colcon_core.environment:checking '/home/pranay/ros2ws/install/nxp_cup_interfaces/lib/pkgconfig/nxp_cup_interfaces.pc'
[4.760s] Level 1:colcon.colcon_core.environment:checking '/home/pranay/ros2ws/install/nxp_cup_interfaces/lib/python3.8/site-packages'
[4.760s] Level 1:colcon.colcon_core.shell:create_environment_hook('nxp_cup_interfaces', 'pythonpath')
[4.761s] INFO:colcon.colcon_core.shell:Creating environment hook '/home/pranay/ros2ws/install/nxp_cup_interfaces/share/nxp_cup_interfaces/hook/pythonpath.ps1'
[4.761s] INFO:colcon.colcon_core.shell:Creating environment descriptor '/home/pranay/ros2ws/install/nxp_cup_interfaces/share/nxp_cup_interfaces/hook/pythonpath.dsv'
[4.761s] INFO:colcon.colcon_core.shell:Creating environment hook '/home/pranay/ros2ws/install/nxp_cup_interfaces/share/nxp_cup_interfaces/hook/pythonpath.sh'
[4.761s] Level 1:colcon.colcon_core.environment:checking '/home/pranay/ros2ws/install/nxp_cup_interfaces/bin'
[4.762s] INFO:colcon.colcon_core.shell:Creating package script '/home/pranay/ros2ws/install/nxp_cup_interfaces/share/nxp_cup_interfaces/package.ps1'
[4.762s] INFO:colcon.colcon_core.shell:Creating package descriptor '/home/pranay/ros2ws/install/nxp_cup_interfaces/share/nxp_cup_interfaces/package.dsv'
[4.763s] INFO:colcon.colcon_core.shell:Creating package script '/home/pranay/ros2ws/install/nxp_cup_interfaces/share/nxp_cup_interfaces/package.sh'
[4.763s] INFO:colcon.colcon_core.shell:Creating package script '/home/pranay/ros2ws/install/nxp_cup_interfaces/share/nxp_cup_interfaces/package.bash'
[4.764s] INFO:colcon.colcon_core.shell:Creating package script '/home/pranay/ros2ws/install/nxp_cup_interfaces/share/nxp_cup_interfaces/package.zsh'
[4.764s] Level 1:colcon.colcon_core.environment:create_file_with_runtime_dependencies(/home/pranay/ros2ws/install/nxp_cup_interfaces/share/colcon-core/packages/nxp_cup_interfaces)
[4.795s] Level 1:colcon.colcon_core.environment:create_environment_scripts_only(nxp_cup_interfaces)
[4.796s] Level 1:colcon.colcon_core.environment:checking '/home/pranay/ros2ws/install/nxp_cup_interfaces' for CMake module files
[4.796s] Level 1:colcon.colcon_core.environment:checking '/home/pranay/ros2ws/install/nxp_cup_interfaces' for CMake config files
[4.797s] Level 1:colcon.colcon_core.shell:create_environment_hook('nxp_cup_interfaces', 'cmake_prefix_path')
[4.797s] INFO:colcon.colcon_core.shell:Creating environment hook '/home/pranay/ros2ws/install/nxp_cup_interfaces/share/nxp_cup_interfaces/hook/cmake_prefix_path.ps1'
[4.798s] INFO:colcon.colcon_core.shell:Creating environment descriptor '/home/pranay/ros2ws/install/nxp_cup_interfaces/share/nxp_cup_interfaces/hook/cmake_prefix_path.dsv'
[4.798s] INFO:colcon.colcon_core.shell:Creating environment hook '/home/pranay/ros2ws/install/nxp_cup_interfaces/share/nxp_cup_interfaces/hook/cmake_prefix_path.sh'
[4.798s] Level 1:colcon.colcon_core.environment:checking '/home/pranay/ros2ws/install/nxp_cup_interfaces/lib'
[4.798s] Level 1:colcon.colcon_core.shell:create_environment_hook('nxp_cup_interfaces', 'ld_library_path_lib')
[4.799s] INFO:colcon.colcon_core.shell:Creating environment hook '/home/pranay/ros2ws/install/nxp_cup_interfaces/share/nxp_cup_interfaces/hook/ld_library_path_lib.ps1'
[4.799s] INFO:colcon.colcon_core.shell:Creating environment descriptor '/home/pranay/ros2ws/install/nxp_cup_interfaces/share/nxp_cup_interfaces/hook/ld_library_path_lib.dsv'
[4.799s] INFO:colcon.colcon_core.shell:Creating environment hook '/home/pranay/ros2ws/install/nxp_cup_interfaces/share/nxp_cup_interfaces/hook/ld_library_path_lib.sh'
[4.799s] Level 1:colcon.colcon_core.environment:checking '/home/pranay/ros2ws/install/nxp_cup_interfaces/bin'
[4.799s] Level 1:colcon.colcon_core.environment:checking '/home/pranay/ros2ws/install/nxp_cup_interfaces/lib/pkgconfig/nxp_cup_interfaces.pc'
[4.800s] Level 1:colcon.colcon_core.environment:checking '/home/pranay/ros2ws/install/nxp_cup_interfaces/lib/python3.8/site-packages'
[4.800s] Level 1:colcon.colcon_core.shell:create_environment_hook('nxp_cup_interfaces', 'pythonpath')
[4.800s] INFO:colcon.colcon_core.shell:Creating environment hook '/home/pranay/ros2ws/install/nxp_cup_interfaces/share/nxp_cup_interfaces/hook/pythonpath.ps1'
[4.800s] INFO:colcon.colcon_core.shell:Creating environment descriptor '/home/pranay/ros2ws/install/nxp_cup_interfaces/share/nxp_cup_interfaces/hook/pythonpath.dsv'
[4.801s] INFO:colcon.colcon_core.shell:Creating environment hook '/home/pranay/ros2ws/install/nxp_cup_interfaces/share/nxp_cup_interfaces/hook/pythonpath.sh'
[4.801s] Level 1:colcon.colcon_core.environment:checking '/home/pranay/ros2ws/install/nxp_cup_interfaces/bin'
[4.801s] INFO:colcon.colcon_core.shell:Creating package script '/home/pranay/ros2ws/install/nxp_cup_interfaces/share/nxp_cup_interfaces/package.ps1'
[4.802s] INFO:colcon.colcon_core.shell:Creating package descriptor '/home/pranay/ros2ws/install/nxp_cup_interfaces/share/nxp_cup_interfaces/package.dsv'
[4.802s] INFO:colcon.colcon_core.shell:Creating package script '/home/pranay/ros2ws/install/nxp_cup_interfaces/share/nxp_cup_interfaces/package.sh'
[4.802s] INFO:colcon.colcon_core.shell:Creating package script '/home/pranay/ros2ws/install/nxp_cup_interfaces/share/nxp_cup_interfaces/package.bash'
[4.803s] INFO:colcon.colcon_core.shell:Creating package script '/home/pranay/ros2ws/install/nxp_cup_interfaces/share/nxp_cup_interfaces/package.zsh'
[4.803s] Level 1:colcon.colcon_core.environment:create_file_with_runtime_dependencies(/home/pranay/ros2ws/install/nxp_cup_interfaces/share/colcon-core/packages/nxp_cup_interfaces)
[4.803s] DEBUG:colcon.colcon_parallel_executor.executor.parallel:closing loop
[4.803s] DEBUG:colcon.colcon_parallel_executor.executor.parallel:loop closed
[4.803s] DEBUG:colcon.colcon_parallel_executor.executor.parallel:run_until_complete finished with '0'
[4.803s] DEBUG:colcon.colcon_core.event_reactor:joining thread
[4.808s] INFO:colcon.colcon_core.plugin_system:Skipping extension 'colcon_notification.desktop_notification.terminal_notifier': Not used on non-Darwin systems
[4.809s] INFO:colcon.colcon_core.plugin_system:Skipping extension 'colcon_notification.desktop_notification.win32': Not used on non-Windows systems
[4.809s] INFO:colcon.colcon_notification.desktop_notification:Sending desktop notification using 'notify2'
[4.823s] DEBUG:colcon.colcon_core.event_reactor:joined thread
[4.824s] INFO:colcon.colcon_core.shell:Creating prefix script '/home/pranay/ros2ws/install/local_setup.ps1'
[4.825s] INFO:colcon.colcon_core.shell:Creating prefix util module '/home/pranay/ros2ws/install/_local_setup_util_ps1.py'
[4.826s] INFO:colcon.colcon_core.shell:Creating prefix chain script '/home/pranay/ros2ws/install/setup.ps1'
[4.827s] INFO:colcon.colcon_core.shell:Creating prefix script '/home/pranay/ros2ws/install/local_setup.sh'
[4.828s] INFO:colcon.colcon_core.shell:Creating prefix util module '/home/pranay/ros2ws/install/_local_setup_util_sh.py'
[4.828s] INFO:colcon.colcon_core.shell:Creating prefix chain script '/home/pranay/ros2ws/install/setup.sh'
[4.830s] INFO:colcon.colcon_core.shell:Creating prefix script '/home/pranay/ros2ws/install/local_setup.bash'
[4.831s] INFO:colcon.colcon_core.shell:Creating prefix chain script '/home/pranay/ros2ws/install/setup.bash'
[4.831s] INFO:colcon.colcon_core.shell:Creating prefix script '/home/pranay/ros2ws/install/local_setup.zsh'
[4.832s] INFO:colcon.colcon_core.shell:Creating prefix chain script '/home/pranay/ros2ws/install/setup.zsh'
