running develop
running egg_info
creating nxp_cup_vision.egg-info
writing nxp_cup_vision.egg-info/PKG-INFO
writing dependency_links to nxp_cup_vision.egg-info/dependency_links.txt
writing entry points to nxp_cup_vision.egg-info/entry_points.txt
writing requirements to nxp_cup_vision.egg-info/requires.txt
writing top-level names to nxp_cup_vision.egg-info/top_level.txt
writing manifest file 'nxp_cup_vision.egg-info/SOURCES.txt'
reading manifest file 'nxp_cup_vision.egg-info/SOURCES.txt'
writing manifest file 'nxp_cup_vision.egg-info/SOURCES.txt'
running build_ext
Creating /home/pranay/ros2ws/install/nxp_cup_vision/lib/python3.8/site-packages/nxp-cup-vision.egg-link (link to .)
Installing nxp_track_vision script to /home/pranay/ros2ws/install/nxp_cup_vision/lib/nxp_cup_vision

Installed /home/pranay/ros2ws/build/nxp_cup_vision
running install_data
creating /home/pranay/ros2ws/install/nxp_cup_vision/share/ament_index
creating /home/pranay/ros2ws/install/nxp_cup_vision/share/ament_index/resource_index
creating /home/pranay/ros2ws/install/nxp_cup_vision/share/ament_index/resource_index/packages
copying resource/nxp_cup_vision -> /home/pranay/ros2ws/install/nxp_cup_vision/share/ament_index/resource_index/packages
copying package.xml -> /home/pranay/ros2ws/install/nxp_cup_vision/share/nxp_cup_vision
