[1.471s] Invoking command in '/home/pranay/ros2ws/build/nxp_cup_vision': AMENT_PREFIX_PATH=/home/pranay/ros2ws/install/nxp_cup_interfaces:${AMENT_PREFIX_PATH} CMAKE_PREFIX_PATH=/home/pranay/ros2ws/install/nxp_cup_interfaces:${CMAKE_PREFIX_PATH} LD_LIBRARY_PATH=/home/pranay/ros2ws/install/nxp_cup_interfaces/lib:${LD_LIBRARY_PATH} PYTHONPATH=/home/pranay/ros2ws/install/nxp_cup_vision/lib/python3.8/site-packages:/home/pranay/ros2ws/install/nxp_cup_interfaces/lib/python3.8/site-packages:${PYTHONPATH} /usr/bin/python3 setup.py develop --prefix /home/pranay/ros2ws/install/nxp_cup_vision --editable --build-directory /home/pranay/ros2ws/build/nxp_cup_vision/build --no-deps install_data --install-dir /home/pranay/ros2ws/install/nxp_cup_vision
[2.135s] running develop
[2.513s] running egg_info
[2.513s] creating nxp_cup_vision.egg-info
[2.565s] writing nxp_cup_vision.egg-info/PKG-INFO
[2.609s] writing dependency_links to nxp_cup_vision.egg-info/dependency_links.txt
[2.740s] writing entry points to nxp_cup_vision.egg-info/entry_points.txt
[2.829s] writing requirements to nxp_cup_vision.egg-info/requires.txt
[2.873s] writing top-level names to nxp_cup_vision.egg-info/top_level.txt
[2.874s] writing manifest file 'nxp_cup_vision.egg-info/SOURCES.txt'
[2.936s] reading manifest file 'nxp_cup_vision.egg-info/SOURCES.txt'
[2.937s] writing manifest file 'nxp_cup_vision.egg-info/SOURCES.txt'
[3.029s] running build_ext
[3.029s] Creating /home/pranay/ros2ws/install/nxp_cup_vision/lib/python3.8/site-packages/nxp-cup-vision.egg-link (link to .)
[3.029s] Installing nxp_track_vision script to /home/pranay/ros2ws/install/nxp_cup_vision/lib/nxp_cup_vision
[3.030s] 
[3.030s] Installed /home/pranay/ros2ws/build/nxp_cup_vision
[3.030s] running install_data
[3.030s] creating /home/pranay/ros2ws/install/nxp_cup_vision/share/ament_index
[3.030s] creating /home/pranay/ros2ws/install/nxp_cup_vision/share/ament_index/resource_index
[3.030s] creating /home/pranay/ros2ws/install/nxp_cup_vision/share/ament_index/resource_index/packages
[3.030s] copying resource/nxp_cup_vision -> /home/pranay/ros2ws/install/nxp_cup_vision/share/ament_index/resource_index/packages
[3.030s] copying package.xml -> /home/pranay/ros2ws/install/nxp_cup_vision/share/nxp_cup_vision
[3.030s] /home/pranay/.local/lib/python3.8/site-packages/setuptools/command/easy_install.py:144: EasyInstallDeprecationWarning: easy_install command is deprecated. Use build and pip and other standards-based tools.
[3.031s]   warnings.warn(
[3.031s] /home/pranay/.local/lib/python3.8/site-packages/setuptools/command/install.py:34: SetuptoolsDeprecationWarning: setup.py install is deprecated. Use build and pip and other standards-based tools.
[3.031s]   warnings.warn(
[3.031s] /home/pranay/.local/lib/python3.8/site-packages/pkg_resources/__init__.py:123: PkgResourcesDeprecationWarning: 0.1.36ubuntu1 is an invalid version and will not be supported in a future release
[3.031s]   warnings.warn(
[3.031s] /home/pranay/.local/lib/python3.8/site-packages/pkg_resources/__init__.py:123: PkgResourcesDeprecationWarning: 0.23ubuntu1 is an invalid version and will not be supported in a future release
[3.031s]   warnings.warn(
[3.064s] Invoked command in '/home/pranay/ros2ws/build/nxp_cup_vision' returned '0': AMENT_PREFIX_PATH=/home/pranay/ros2ws/install/nxp_cup_interfaces:${AMENT_PREFIX_PATH} CMAKE_PREFIX_PATH=/home/pranay/ros2ws/install/nxp_cup_interfaces:${CMAKE_PREFIX_PATH} LD_LIBRARY_PATH=/home/pranay/ros2ws/install/nxp_cup_interfaces/lib:${LD_LIBRARY_PATH} PYTHONPATH=/home/pranay/ros2ws/install/nxp_cup_vision/lib/python3.8/site-packages:/home/pranay/ros2ws/install/nxp_cup_interfaces/lib/python3.8/site-packages:${PYTHONPATH} /usr/bin/python3 setup.py develop --prefix /home/pranay/ros2ws/install/nxp_cup_vision --editable --build-directory /home/pranay/ros2ws/build/nxp_cup_vision/build --no-deps install_data --install-dir /home/pranay/ros2ws/install/nxp_cup_vision
