[0.212s] DEBUG:colcon:Command line arguments: ['/usr/bin/colcon', 'build', '--packages-select', 'nxp_cup_vision', '--symlink-install']
[0.213s] DEBUG:colcon:Parsed command line arguments: Namespace(allow_overriding=[], ament_cmake_args=None, base_paths=['.'], build_base='build', catkin_cmake_args=None, catkin_skip_building_tests=False, cmake_args=None, cmake_clean_cache=False, cmake_clean_first=False, cmake_force_configure=False, cmake_target=None, cmake_target_skip_unavailable=False, continue_on_error=False, event_handlers=None, executor='parallel', ignore_user_meta=False, install_base='install', log_base=None, log_level=None, main=<bound method BuildVerb.main of <colcon_core.verb.build.BuildVerb object at 0x7f5d0a98cbb0>>, merge_install=False, metas=['./colcon.meta'], packages_above=None, packages_above_and_dependencies=None, packages_above_depth=None, packages_end=None, packages_ignore=None, packages_ignore_regex=None, packages_select=['nxp_cup_vision'], packages_select_build_failed=False, packages_select_by_dep=None, packages_select_regex=None, packages_select_test_failures=False, packages_skip=None, packages_skip_build_finished=False, packages_skip_by_dep=None, packages_skip_regex=None, packages_skip_test_passed=False, packages_skip_up_to=None, packages_start=None, packages_up_to=None, packages_up_to_regex=None, parallel_workers=8, paths=None, symlink_install=True, test_result_base=None, verb_extension=<colcon_core.verb.build.BuildVerb object at 0x7f5d0a98cbb0>, verb_name='build', verb_parser=<colcon_defaults.argument_parser.defaults.DefaultArgumentsDecorator object at 0x7f5d0a18e4f0>)
[0.265s] Level 1:colcon.colcon_core.package_discovery:discover_packages(colcon_meta) check parameters
[0.265s] Level 1:colcon.colcon_core.package_discovery:discover_packages(recursive) check parameters
[0.265s] Level 1:colcon.colcon_core.package_discovery:discover_packages(ignore) check parameters
[0.265s] Level 1:colcon.colcon_core.package_discovery:discover_packages(path) check parameters
[0.265s] Level 1:colcon.colcon_core.package_discovery:discover_packages(colcon_meta) discover
[0.265s] Level 1:colcon.colcon_core.package_discovery:discover_packages(recursive) discover
[0.265s] INFO:colcon.colcon_core.package_discovery:Crawling recursively for packages in '/home/pranay/ros2ws'
[0.265s] Level 1:colcon.colcon_core.package_identification:_identify(.) by extensions ['ignore', 'ignore_ament_install']
[0.265s] Level 1:colcon.colcon_core.package_identification:_identify(.) by extension 'ignore'
[0.265s] Level 1:colcon.colcon_core.package_identification:_identify(.) by extension 'ignore_ament_install'
[0.265s] Level 1:colcon.colcon_core.package_identification:_identify(.) by extensions ['colcon_pkg']
[0.265s] Level 1:colcon.colcon_core.package_identification:_identify(.) by extension 'colcon_pkg'
[0.265s] Level 1:colcon.colcon_core.package_identification:_identify(.) by extensions ['colcon_meta']
[0.265s] Level 1:colcon.colcon_core.package_identification:_identify(.) by extension 'colcon_meta'
[0.265s] Level 1:colcon.colcon_core.package_identification:_identify(.) by extensions ['ros']
[0.265s] Level 1:colcon.colcon_core.package_identification:_identify(.) by extension 'ros'
[0.276s] Level 1:colcon.colcon_core.package_identification:_identify(.) by extensions ['cmake', 'python']
[0.276s] Level 1:colcon.colcon_core.package_identification:_identify(.) by extension 'cmake'
[0.276s] Level 1:colcon.colcon_core.package_identification:_identify(.) by extension 'python'
[0.276s] Level 1:colcon.colcon_core.package_identification:_identify(.) by extensions ['python_setup_py']
[0.276s] Level 1:colcon.colcon_core.package_identification:_identify(.) by extension 'python_setup_py'
[0.277s] Level 1:colcon.colcon_core.package_identification:_identify(build) by extensions ['ignore', 'ignore_ament_install']
[0.277s] Level 1:colcon.colcon_core.package_identification:_identify(build) by extension 'ignore'
[0.277s] Level 1:colcon.colcon_core.package_identification:_identify(build) ignored
[0.277s] Level 1:colcon.colcon_core.package_identification:_identify(install) by extensions ['ignore', 'ignore_ament_install']
[0.277s] Level 1:colcon.colcon_core.package_identification:_identify(install) by extension 'ignore'
[0.277s] Level 1:colcon.colcon_core.package_identification:_identify(install) ignored
[0.277s] Level 1:colcon.colcon_core.package_identification:_identify(log) by extensions ['ignore', 'ignore_ament_install']
[0.277s] Level 1:colcon.colcon_core.package_identification:_identify(log) by extension 'ignore'
[0.277s] Level 1:colcon.colcon_core.package_identification:_identify(log) ignored
[0.277s] Level 1:colcon.colcon_core.package_identification:_identify(nxp_gazebo) by extensions ['ignore', 'ignore_ament_install']
[0.277s] Level 1:colcon.colcon_core.package_identification:_identify(nxp_gazebo) by extension 'ignore'
[0.277s] Level 1:colcon.colcon_core.package_identification:_identify(nxp_gazebo) by extension 'ignore_ament_install'
[0.277s] Level 1:colcon.colcon_core.package_identification:_identify(nxp_gazebo) by extensions ['colcon_pkg']
[0.277s] Level 1:colcon.colcon_core.package_identification:_identify(nxp_gazebo) by extension 'colcon_pkg'
[0.277s] Level 1:colcon.colcon_core.package_identification:_identify(nxp_gazebo) by extensions ['colcon_meta']
[0.277s] Level 1:colcon.colcon_core.package_identification:_identify(nxp_gazebo) by extension 'colcon_meta'
[0.277s] Level 1:colcon.colcon_core.package_identification:_identify(nxp_gazebo) by extensions ['ros']
[0.277s] Level 1:colcon.colcon_core.package_identification:_identify(nxp_gazebo) by extension 'ros'
[0.277s] Level 1:colcon.colcon_core.package_identification:_identify(nxp_gazebo) by extensions ['cmake', 'python']
[0.277s] Level 1:colcon.colcon_core.package_identification:_identify(nxp_gazebo) by extension 'cmake'
[0.278s] Level 1:colcon.colcon_core.package_identification:_identify(nxp_gazebo) by extension 'python'
[0.278s] Level 1:colcon.colcon_core.package_identification:_identify(nxp_gazebo) by extensions ['python_setup_py']
[0.278s] Level 1:colcon.colcon_core.package_identification:_identify(nxp_gazebo) by extension 'python_setup_py'
[0.278s] Level 1:colcon.colcon_core.package_identification:_identify(nxp_gazebo/models) by extensions ['ignore', 'ignore_ament_install']
[0.278s] Level 1:colcon.colcon_core.package_identification:_identify(nxp_gazebo/models) by extension 'ignore'
[0.278s] Level 1:colcon.colcon_core.package_identification:_identify(nxp_gazebo/models) by extension 'ignore_ament_install'
[0.278s] Level 1:colcon.colcon_core.package_identification:_identify(nxp_gazebo/models) by extensions ['colcon_pkg']
[0.278s] Level 1:colcon.colcon_core.package_identification:_identify(nxp_gazebo/models) by extension 'colcon_pkg'
[0.278s] Level 1:colcon.colcon_core.package_identification:_identify(nxp_gazebo/models) by extensions ['colcon_meta']
[0.278s] Level 1:colcon.colcon_core.package_identification:_identify(nxp_gazebo/models) by extension 'colcon_meta'
[0.278s] Level 1:colcon.colcon_core.package_identification:_identify(nxp_gazebo/models) by extensions ['ros']
[0.278s] Level 1:colcon.colcon_core.package_identification:_identify(nxp_gazebo/models) by extension 'ros'
[0.278s] Level 1:colcon.colcon_core.package_identification:_identify(nxp_gazebo/models) by extensions ['cmake', 'python']
[0.278s] Level 1:colcon.colcon_core.package_identification:_identify(nxp_gazebo/models) by extension 'cmake'
[0.278s] Level 1:colcon.colcon_core.package_identification:_identify(nxp_gazebo/models) by extension 'python'
[0.278s] Level 1:colcon.colcon_core.package_identification:_identify(nxp_gazebo/models) by extensions ['python_setup_py']
[0.278s] Level 1:colcon.colcon_core.package_identification:_identify(nxp_gazebo/models) by extension 'python_setup_py'
[0.278s] Level 1:colcon.colcon_core.package_identification:_identify(nxp_gazebo/models/nxp_cupcar) by extensions ['ignore', 'ignore_ament_install']
[0.278s] Level 1:colcon.colcon_core.package_identification:_identify(nxp_gazebo/models/nxp_cupcar) by extension 'ignore'
[0.278s] Level 1:colcon.colcon_core.package_identification:_identify(nxp_gazebo/models/nxp_cupcar) by extension 'ignore_ament_install'
[0.278s] Level 1:colcon.colcon_core.package_identification:_identify(nxp_gazebo/models/nxp_cupcar) by extensions ['colcon_pkg']
[0.278s] Level 1:colcon.colcon_core.package_identification:_identify(nxp_gazebo/models/nxp_cupcar) by extension 'colcon_pkg'
[0.278s] Level 1:colcon.colcon_core.package_identification:_identify(nxp_gazebo/models/nxp_cupcar) by extensions ['colcon_meta']
[0.278s] Level 1:colcon.colcon_core.package_identification:_identify(nxp_gazebo/models/nxp_cupcar) by extension 'colcon_meta'
[0.278s] Level 1:colcon.colcon_core.package_identification:_identify(nxp_gazebo/models/nxp_cupcar) by extensions ['ros']
[0.279s] Level 1:colcon.colcon_core.package_identification:_identify(nxp_gazebo/models/nxp_cupcar) by extension 'ros'
[0.279s] Level 1:colcon.colcon_core.package_identification:_identify(nxp_gazebo/models/nxp_cupcar) by extensions ['cmake', 'python']
[0.279s] Level 1:colcon.colcon_core.package_identification:_identify(nxp_gazebo/models/nxp_cupcar) by extension 'cmake'
[0.279s] Level 1:colcon.colcon_core.package_identification:_identify(nxp_gazebo/models/nxp_cupcar) by extension 'python'
[0.279s] Level 1:colcon.colcon_core.package_identification:_identify(nxp_gazebo/models/nxp_cupcar) by extensions ['python_setup_py']
[0.279s] Level 1:colcon.colcon_core.package_identification:_identify(nxp_gazebo/models/nxp_cupcar) by extension 'python_setup_py'
[0.279s] Level 1:colcon.colcon_core.package_identification:_identify(nxp_gazebo/models/nxp_cupcar/materials) by extensions ['ignore', 'ignore_ament_install']
[0.279s] Level 1:colcon.colcon_core.package_identification:_identify(nxp_gazebo/models/nxp_cupcar/materials) by extension 'ignore'
[0.279s] Level 1:colcon.colcon_core.package_identification:_identify(nxp_gazebo/models/nxp_cupcar/materials) by extension 'ignore_ament_install'
[0.279s] Level 1:colcon.colcon_core.package_identification:_identify(nxp_gazebo/models/nxp_cupcar/materials) by extensions ['colcon_pkg']
[0.279s] Level 1:colcon.colcon_core.package_identification:_identify(nxp_gazebo/models/nxp_cupcar/materials) by extension 'colcon_pkg'
[0.279s] Level 1:colcon.colcon_core.package_identification:_identify(nxp_gazebo/models/nxp_cupcar/materials) by extensions ['colcon_meta']
[0.279s] Level 1:colcon.colcon_core.package_identification:_identify(nxp_gazebo/models/nxp_cupcar/materials) by extension 'colcon_meta'
[0.279s] Level 1:colcon.colcon_core.package_identification:_identify(nxp_gazebo/models/nxp_cupcar/materials) by extensions ['ros']
[0.279s] Level 1:colcon.colcon_core.package_identification:_identify(nxp_gazebo/models/nxp_cupcar/materials) by extension 'ros'
[0.279s] Level 1:colcon.colcon_core.package_identification:_identify(nxp_gazebo/models/nxp_cupcar/materials) by extensions ['cmake', 'python']
[0.279s] Level 1:colcon.colcon_core.package_identification:_identify(nxp_gazebo/models/nxp_cupcar/materials) by extension 'cmake'
[0.279s] Level 1:colcon.colcon_core.package_identification:_identify(nxp_gazebo/models/nxp_cupcar/materials) by extension 'python'
[0.279s] Level 1:colcon.colcon_core.package_identification:_identify(nxp_gazebo/models/nxp_cupcar/materials) by extensions ['python_setup_py']
[0.279s] Level 1:colcon.colcon_core.package_identification:_identify(nxp_gazebo/models/nxp_cupcar/materials) by extension 'python_setup_py'
[0.279s] Level 1:colcon.colcon_core.package_identification:_identify(nxp_gazebo/models/nxp_cupcar/materials/logo) by extensions ['ignore', 'ignore_ament_install']
[0.279s] Level 1:colcon.colcon_core.package_identification:_identify(nxp_gazebo/models/nxp_cupcar/materials/logo) by extension 'ignore'
[0.279s] Level 1:colcon.colcon_core.package_identification:_identify(nxp_gazebo/models/nxp_cupcar/materials/logo) by extension 'ignore_ament_install'
[0.279s] Level 1:colcon.colcon_core.package_identification:_identify(nxp_gazebo/models/nxp_cupcar/materials/logo) by extensions ['colcon_pkg']
[0.280s] Level 1:colcon.colcon_core.package_identification:_identify(nxp_gazebo/models/nxp_cupcar/materials/logo) by extension 'colcon_pkg'
[0.280s] Level 1:colcon.colcon_core.package_identification:_identify(nxp_gazebo/models/nxp_cupcar/materials/logo) by extensions ['colcon_meta']
[0.280s] Level 1:colcon.colcon_core.package_identification:_identify(nxp_gazebo/models/nxp_cupcar/materials/logo) by extension 'colcon_meta'
[0.280s] Level 1:colcon.colcon_core.package_identification:_identify(nxp_gazebo/models/nxp_cupcar/materials/logo) by extensions ['ros']
[0.280s] Level 1:colcon.colcon_core.package_identification:_identify(nxp_gazebo/models/nxp_cupcar/materials/logo) by extension 'ros'
[0.280s] Level 1:colcon.colcon_core.package_identification:_identify(nxp_gazebo/models/nxp_cupcar/materials/logo) by extensions ['cmake', 'python']
[0.280s] Level 1:colcon.colcon_core.package_identification:_identify(nxp_gazebo/models/nxp_cupcar/materials/logo) by extension 'cmake'
[0.280s] Level 1:colcon.colcon_core.package_identification:_identify(nxp_gazebo/models/nxp_cupcar/materials/logo) by extension 'python'
[0.280s] Level 1:colcon.colcon_core.package_identification:_identify(nxp_gazebo/models/nxp_cupcar/materials/logo) by extensions ['python_setup_py']
[0.280s] Level 1:colcon.colcon_core.package_identification:_identify(nxp_gazebo/models/nxp_cupcar/materials/logo) by extension 'python_setup_py'
[0.280s] Level 1:colcon.colcon_core.package_identification:_identify(nxp_gazebo/models/nxp_cupcar/materials/scripts) by extensions ['ignore', 'ignore_ament_install']
[0.280s] Level 1:colcon.colcon_core.package_identification:_identify(nxp_gazebo/models/nxp_cupcar/materials/scripts) by extension 'ignore'
[0.280s] Level 1:colcon.colcon_core.package_identification:_identify(nxp_gazebo/models/nxp_cupcar/materials/scripts) by extension 'ignore_ament_install'
[0.280s] Level 1:colcon.colcon_core.package_identification:_identify(nxp_gazebo/models/nxp_cupcar/materials/scripts) by extensions ['colcon_pkg']
[0.280s] Level 1:colcon.colcon_core.package_identification:_identify(nxp_gazebo/models/nxp_cupcar/materials/scripts) by extension 'colcon_pkg'
[0.280s] Level 1:colcon.colcon_core.package_identification:_identify(nxp_gazebo/models/nxp_cupcar/materials/scripts) by extensions ['colcon_meta']
[0.280s] Level 1:colcon.colcon_core.package_identification:_identify(nxp_gazebo/models/nxp_cupcar/materials/scripts) by extension 'colcon_meta'
[0.280s] Level 1:colcon.colcon_core.package_identification:_identify(nxp_gazebo/models/nxp_cupcar/materials/scripts) by extensions ['ros']
[0.280s] Level 1:colcon.colcon_core.package_identification:_identify(nxp_gazebo/models/nxp_cupcar/materials/scripts) by extension 'ros'
[0.280s] Level 1:colcon.colcon_core.package_identification:_identify(nxp_gazebo/models/nxp_cupcar/materials/scripts) by extensions ['cmake', 'python']
[0.280s] Level 1:colcon.colcon_core.package_identification:_identify(nxp_gazebo/models/nxp_cupcar/materials/scripts) by extension 'cmake'
[0.280s] Level 1:colcon.colcon_core.package_identification:_identify(nxp_gazebo/models/nxp_cupcar/materials/scripts) by extension 'python'
[0.280s] Level 1:colcon.colcon_core.package_identification:_identify(nxp_gazebo/models/nxp_cupcar/materials/scripts) by extensions ['python_setup_py']
[0.280s] Level 1:colcon.colcon_core.package_identification:_identify(nxp_gazebo/models/nxp_cupcar/materials/scripts) by extension 'python_setup_py'
[0.280s] Level 1:colcon.colcon_core.package_identification:_identify(nxp_gazebo/models/nxp_cupcar/meshes) by extensions ['ignore', 'ignore_ament_install']
[0.281s] Level 1:colcon.colcon_core.package_identification:_identify(nxp_gazebo/models/nxp_cupcar/meshes) by extension 'ignore'
[0.281s] Level 1:colcon.colcon_core.package_identification:_identify(nxp_gazebo/models/nxp_cupcar/meshes) by extension 'ignore_ament_install'
[0.281s] Level 1:colcon.colcon_core.package_identification:_identify(nxp_gazebo/models/nxp_cupcar/meshes) by extensions ['colcon_pkg']
[0.281s] Level 1:colcon.colcon_core.package_identification:_identify(nxp_gazebo/models/nxp_cupcar/meshes) by extension 'colcon_pkg'
[0.281s] Level 1:colcon.colcon_core.package_identification:_identify(nxp_gazebo/models/nxp_cupcar/meshes) by extensions ['colcon_meta']
[0.281s] Level 1:colcon.colcon_core.package_identification:_identify(nxp_gazebo/models/nxp_cupcar/meshes) by extension 'colcon_meta'
[0.281s] Level 1:colcon.colcon_core.package_identification:_identify(nxp_gazebo/models/nxp_cupcar/meshes) by extensions ['ros']
[0.281s] Level 1:colcon.colcon_core.package_identification:_identify(nxp_gazebo/models/nxp_cupcar/meshes) by extension 'ros'
[0.281s] Level 1:colcon.colcon_core.package_identification:_identify(nxp_gazebo/models/nxp_cupcar/meshes) by extensions ['cmake', 'python']
[0.281s] Level 1:colcon.colcon_core.package_identification:_identify(nxp_gazebo/models/nxp_cupcar/meshes) by extension 'cmake'
[0.281s] Level 1:colcon.colcon_core.package_identification:_identify(nxp_gazebo/models/nxp_cupcar/meshes) by extension 'python'
[0.281s] Level 1:colcon.colcon_core.package_identification:_identify(nxp_gazebo/models/nxp_cupcar/meshes) by extensions ['python_setup_py']
[0.281s] Level 1:colcon.colcon_core.package_identification:_identify(nxp_gazebo/models/nxp_cupcar/meshes) by extension 'python_setup_py'
[0.281s] Level 1:colcon.colcon_core.package_identification:_identify(nxp_gazebo/models/nxp_raceway_overpass) by extensions ['ignore', 'ignore_ament_install']
[0.281s] Level 1:colcon.colcon_core.package_identification:_identify(nxp_gazebo/models/nxp_raceway_overpass) by extension 'ignore'
[0.281s] Level 1:colcon.colcon_core.package_identification:_identify(nxp_gazebo/models/nxp_raceway_overpass) by extension 'ignore_ament_install'
[0.281s] Level 1:colcon.colcon_core.package_identification:_identify(nxp_gazebo/models/nxp_raceway_overpass) by extensions ['colcon_pkg']
[0.281s] Level 1:colcon.colcon_core.package_identification:_identify(nxp_gazebo/models/nxp_raceway_overpass) by extension 'colcon_pkg'
[0.281s] Level 1:colcon.colcon_core.package_identification:_identify(nxp_gazebo/models/nxp_raceway_overpass) by extensions ['colcon_meta']
[0.281s] Level 1:colcon.colcon_core.package_identification:_identify(nxp_gazebo/models/nxp_raceway_overpass) by extension 'colcon_meta'
[0.281s] Level 1:colcon.colcon_core.package_identification:_identify(nxp_gazebo/models/nxp_raceway_overpass) by extensions ['ros']
[0.281s] Level 1:colcon.colcon_core.package_identification:_identify(nxp_gazebo/models/nxp_raceway_overpass) by extension 'ros'
[0.281s] Level 1:colcon.colcon_core.package_identification:_identify(nxp_gazebo/models/nxp_raceway_overpass) by extensions ['cmake', 'python']
[0.281s] Level 1:colcon.colcon_core.package_identification:_identify(nxp_gazebo/models/nxp_raceway_overpass) by extension 'cmake'
[0.281s] Level 1:colcon.colcon_core.package_identification:_identify(nxp_gazebo/models/nxp_raceway_overpass) by extension 'python'
[0.282s] Level 1:colcon.colcon_core.package_identification:_identify(nxp_gazebo/models/nxp_raceway_overpass) by extensions ['python_setup_py']
[0.282s] Level 1:colcon.colcon_core.package_identification:_identify(nxp_gazebo/models/nxp_raceway_overpass) by extension 'python_setup_py'
[0.282s] Level 1:colcon.colcon_core.package_identification:_identify(nxp_gazebo/models/nxp_raceway_overpass/meshes) by extensions ['ignore', 'ignore_ament_install']
[0.282s] Level 1:colcon.colcon_core.package_identification:_identify(nxp_gazebo/models/nxp_raceway_overpass/meshes) by extension 'ignore'
[0.282s] Level 1:colcon.colcon_core.package_identification:_identify(nxp_gazebo/models/nxp_raceway_overpass/meshes) by extension 'ignore_ament_install'
[0.282s] Level 1:colcon.colcon_core.package_identification:_identify(nxp_gazebo/models/nxp_raceway_overpass/meshes) by extensions ['colcon_pkg']
[0.282s] Level 1:colcon.colcon_core.package_identification:_identify(nxp_gazebo/models/nxp_raceway_overpass/meshes) by extension 'colcon_pkg'
[0.282s] Level 1:colcon.colcon_core.package_identification:_identify(nxp_gazebo/models/nxp_raceway_overpass/meshes) by extensions ['colcon_meta']
[0.282s] Level 1:colcon.colcon_core.package_identification:_identify(nxp_gazebo/models/nxp_raceway_overpass/meshes) by extension 'colcon_meta'
[0.282s] Level 1:colcon.colcon_core.package_identification:_identify(nxp_gazebo/models/nxp_raceway_overpass/meshes) by extensions ['ros']
[0.282s] Level 1:colcon.colcon_core.package_identification:_identify(nxp_gazebo/models/nxp_raceway_overpass/meshes) by extension 'ros'
[0.282s] Level 1:colcon.colcon_core.package_identification:_identify(nxp_gazebo/models/nxp_raceway_overpass/meshes) by extensions ['cmake', 'python']
[0.282s] Level 1:colcon.colcon_core.package_identification:_identify(nxp_gazebo/models/nxp_raceway_overpass/meshes) by extension 'cmake'
[0.282s] Level 1:colcon.colcon_core.package_identification:_identify(nxp_gazebo/models/nxp_raceway_overpass/meshes) by extension 'python'
[0.282s] Level 1:colcon.colcon_core.package_identification:_identify(nxp_gazebo/models/nxp_raceway_overpass/meshes) by extensions ['python_setup_py']
[0.282s] Level 1:colcon.colcon_core.package_identification:_identify(nxp_gazebo/models/nxp_raceway_overpass/meshes) by extension 'python_setup_py'
[0.282s] Level 1:colcon.colcon_core.package_identification:_identify(nxp_gazebo/models/pixy2_cmucam5) by extensions ['ignore', 'ignore_ament_install']
[0.282s] Level 1:colcon.colcon_core.package_identification:_identify(nxp_gazebo/models/pixy2_cmucam5) by extension 'ignore'
[0.282s] Level 1:colcon.colcon_core.package_identification:_identify(nxp_gazebo/models/pixy2_cmucam5) by extension 'ignore_ament_install'
[0.282s] Level 1:colcon.colcon_core.package_identification:_identify(nxp_gazebo/models/pixy2_cmucam5) by extensions ['colcon_pkg']
[0.282s] Level 1:colcon.colcon_core.package_identification:_identify(nxp_gazebo/models/pixy2_cmucam5) by extension 'colcon_pkg'
[0.282s] Level 1:colcon.colcon_core.package_identification:_identify(nxp_gazebo/models/pixy2_cmucam5) by extensions ['colcon_meta']
[0.282s] Level 1:colcon.colcon_core.package_identification:_identify(nxp_gazebo/models/pixy2_cmucam5) by extension 'colcon_meta'
[0.282s] Level 1:colcon.colcon_core.package_identification:_identify(nxp_gazebo/models/pixy2_cmucam5) by extensions ['ros']
[0.282s] Level 1:colcon.colcon_core.package_identification:_identify(nxp_gazebo/models/pixy2_cmucam5) by extension 'ros'
[0.283s] Level 1:colcon.colcon_core.package_identification:_identify(nxp_gazebo/models/pixy2_cmucam5) by extensions ['cmake', 'python']
[0.283s] Level 1:colcon.colcon_core.package_identification:_identify(nxp_gazebo/models/pixy2_cmucam5) by extension 'cmake'
[0.283s] Level 1:colcon.colcon_core.package_identification:_identify(nxp_gazebo/models/pixy2_cmucam5) by extension 'python'
[0.283s] Level 1:colcon.colcon_core.package_identification:_identify(nxp_gazebo/models/pixy2_cmucam5) by extensions ['python_setup_py']
[0.283s] Level 1:colcon.colcon_core.package_identification:_identify(nxp_gazebo/models/pixy2_cmucam5) by extension 'python_setup_py'
[0.283s] Level 1:colcon.colcon_core.package_identification:_identify(nxp_gazebo/models/pixy2_cmucam5/meshes) by extensions ['ignore', 'ignore_ament_install']
[0.283s] Level 1:colcon.colcon_core.package_identification:_identify(nxp_gazebo/models/pixy2_cmucam5/meshes) by extension 'ignore'
[0.283s] Level 1:colcon.colcon_core.package_identification:_identify(nxp_gazebo/models/pixy2_cmucam5/meshes) by extension 'ignore_ament_install'
[0.283s] Level 1:colcon.colcon_core.package_identification:_identify(nxp_gazebo/models/pixy2_cmucam5/meshes) by extensions ['colcon_pkg']
[0.283s] Level 1:colcon.colcon_core.package_identification:_identify(nxp_gazebo/models/pixy2_cmucam5/meshes) by extension 'colcon_pkg'
[0.283s] Level 1:colcon.colcon_core.package_identification:_identify(nxp_gazebo/models/pixy2_cmucam5/meshes) by extensions ['colcon_meta']
[0.283s] Level 1:colcon.colcon_core.package_identification:_identify(nxp_gazebo/models/pixy2_cmucam5/meshes) by extension 'colcon_meta'
[0.283s] Level 1:colcon.colcon_core.package_identification:_identify(nxp_gazebo/models/pixy2_cmucam5/meshes) by extensions ['ros']
[0.283s] Level 1:colcon.colcon_core.package_identification:_identify(nxp_gazebo/models/pixy2_cmucam5/meshes) by extension 'ros'
[0.283s] Level 1:colcon.colcon_core.package_identification:_identify(nxp_gazebo/models/pixy2_cmucam5/meshes) by extensions ['cmake', 'python']
[0.283s] Level 1:colcon.colcon_core.package_identification:_identify(nxp_gazebo/models/pixy2_cmucam5/meshes) by extension 'cmake'
[0.283s] Level 1:colcon.colcon_core.package_identification:_identify(nxp_gazebo/models/pixy2_cmucam5/meshes) by extension 'python'
[0.283s] Level 1:colcon.colcon_core.package_identification:_identify(nxp_gazebo/models/pixy2_cmucam5/meshes) by extensions ['python_setup_py']
[0.283s] Level 1:colcon.colcon_core.package_identification:_identify(nxp_gazebo/models/pixy2_cmucam5/meshes) by extension 'python_setup_py'
[0.283s] Level 1:colcon.colcon_core.package_identification:_identify(nxp_gazebo/models/start_point) by extensions ['ignore', 'ignore_ament_install']
[0.283s] Level 1:colcon.colcon_core.package_identification:_identify(nxp_gazebo/models/start_point) by extension 'ignore'
[0.283s] Level 1:colcon.colcon_core.package_identification:_identify(nxp_gazebo/models/start_point) by extension 'ignore_ament_install'
[0.283s] Level 1:colcon.colcon_core.package_identification:_identify(nxp_gazebo/models/start_point) by extensions ['colcon_pkg']
[0.283s] Level 1:colcon.colcon_core.package_identification:_identify(nxp_gazebo/models/start_point) by extension 'colcon_pkg'
[0.284s] Level 1:colcon.colcon_core.package_identification:_identify(nxp_gazebo/models/start_point) by extensions ['colcon_meta']
[0.284s] Level 1:colcon.colcon_core.package_identification:_identify(nxp_gazebo/models/start_point) by extension 'colcon_meta'
[0.284s] Level 1:colcon.colcon_core.package_identification:_identify(nxp_gazebo/models/start_point) by extensions ['ros']
[0.284s] Level 1:colcon.colcon_core.package_identification:_identify(nxp_gazebo/models/start_point) by extension 'ros'
[0.284s] Level 1:colcon.colcon_core.package_identification:_identify(nxp_gazebo/models/start_point) by extensions ['cmake', 'python']
[0.284s] Level 1:colcon.colcon_core.package_identification:_identify(nxp_gazebo/models/start_point) by extension 'cmake'
[0.284s] Level 1:colcon.colcon_core.package_identification:_identify(nxp_gazebo/models/start_point) by extension 'python'
[0.284s] Level 1:colcon.colcon_core.package_identification:_identify(nxp_gazebo/models/start_point) by extensions ['python_setup_py']
[0.284s] Level 1:colcon.colcon_core.package_identification:_identify(nxp_gazebo/models/start_point) by extension 'python_setup_py'
[0.284s] Level 1:colcon.colcon_core.package_identification:_identify(nxp_gazebo/models/start_point/materials) by extensions ['ignore', 'ignore_ament_install']
[0.284s] Level 1:colcon.colcon_core.package_identification:_identify(nxp_gazebo/models/start_point/materials) by extension 'ignore'
[0.284s] Level 1:colcon.colcon_core.package_identification:_identify(nxp_gazebo/models/start_point/materials) by extension 'ignore_ament_install'
[0.284s] Level 1:colcon.colcon_core.package_identification:_identify(nxp_gazebo/models/start_point/materials) by extensions ['colcon_pkg']
[0.284s] Level 1:colcon.colcon_core.package_identification:_identify(nxp_gazebo/models/start_point/materials) by extension 'colcon_pkg'
[0.284s] Level 1:colcon.colcon_core.package_identification:_identify(nxp_gazebo/models/start_point/materials) by extensions ['colcon_meta']
[0.284s] Level 1:colcon.colcon_core.package_identification:_identify(nxp_gazebo/models/start_point/materials) by extension 'colcon_meta'
[0.284s] Level 1:colcon.colcon_core.package_identification:_identify(nxp_gazebo/models/start_point/materials) by extensions ['ros']
[0.284s] Level 1:colcon.colcon_core.package_identification:_identify(nxp_gazebo/models/start_point/materials) by extension 'ros'
[0.284s] Level 1:colcon.colcon_core.package_identification:_identify(nxp_gazebo/models/start_point/materials) by extensions ['cmake', 'python']
[0.284s] Level 1:colcon.colcon_core.package_identification:_identify(nxp_gazebo/models/start_point/materials) by extension 'cmake'
[0.284s] Level 1:colcon.colcon_core.package_identification:_identify(nxp_gazebo/models/start_point/materials) by extension 'python'
[0.284s] Level 1:colcon.colcon_core.package_identification:_identify(nxp_gazebo/models/start_point/materials) by extensions ['python_setup_py']
[0.284s] Level 1:colcon.colcon_core.package_identification:_identify(nxp_gazebo/models/start_point/materials) by extension 'python_setup_py'
[0.284s] Level 1:colcon.colcon_core.package_identification:_identify(nxp_gazebo/models/start_point/materials/scripts) by extensions ['ignore', 'ignore_ament_install']
[0.285s] Level 1:colcon.colcon_core.package_identification:_identify(nxp_gazebo/models/start_point/materials/scripts) by extension 'ignore'
[0.285s] Level 1:colcon.colcon_core.package_identification:_identify(nxp_gazebo/models/start_point/materials/scripts) by extension 'ignore_ament_install'
[0.285s] Level 1:colcon.colcon_core.package_identification:_identify(nxp_gazebo/models/start_point/materials/scripts) by extensions ['colcon_pkg']
[0.285s] Level 1:colcon.colcon_core.package_identification:_identify(nxp_gazebo/models/start_point/materials/scripts) by extension 'colcon_pkg'
[0.285s] Level 1:colcon.colcon_core.package_identification:_identify(nxp_gazebo/models/start_point/materials/scripts) by extensions ['colcon_meta']
[0.285s] Level 1:colcon.colcon_core.package_identification:_identify(nxp_gazebo/models/start_point/materials/scripts) by extension 'colcon_meta'
[0.285s] Level 1:colcon.colcon_core.package_identification:_identify(nxp_gazebo/models/start_point/materials/scripts) by extensions ['ros']
[0.285s] Level 1:colcon.colcon_core.package_identification:_identify(nxp_gazebo/models/start_point/materials/scripts) by extension 'ros'
[0.285s] Level 1:colcon.colcon_core.package_identification:_identify(nxp_gazebo/models/start_point/materials/scripts) by extensions ['cmake', 'python']
[0.285s] Level 1:colcon.colcon_core.package_identification:_identify(nxp_gazebo/models/start_point/materials/scripts) by extension 'cmake'
[0.285s] Level 1:colcon.colcon_core.package_identification:_identify(nxp_gazebo/models/start_point/materials/scripts) by extension 'python'
[0.285s] Level 1:colcon.colcon_core.package_identification:_identify(nxp_gazebo/models/start_point/materials/scripts) by extensions ['python_setup_py']
[0.285s] Level 1:colcon.colcon_core.package_identification:_identify(nxp_gazebo/models/start_point/materials/scripts) by extension 'python_setup_py'
[0.285s] Level 1:colcon.colcon_core.package_identification:_identify(nxp_gazebo/models/start_point/materials/textures) by extensions ['ignore', 'ignore_ament_install']
[0.285s] Level 1:colcon.colcon_core.package_identification:_identify(nxp_gazebo/models/start_point/materials/textures) by extension 'ignore'
[0.285s] Level 1:colcon.colcon_core.package_identification:_identify(nxp_gazebo/models/start_point/materials/textures) by extension 'ignore_ament_install'
[0.285s] Level 1:colcon.colcon_core.package_identification:_identify(nxp_gazebo/models/start_point/materials/textures) by extensions ['colcon_pkg']
[0.285s] Level 1:colcon.colcon_core.package_identification:_identify(nxp_gazebo/models/start_point/materials/textures) by extension 'colcon_pkg'
[0.285s] Level 1:colcon.colcon_core.package_identification:_identify(nxp_gazebo/models/start_point/materials/textures) by extensions ['colcon_meta']
[0.285s] Level 1:colcon.colcon_core.package_identification:_identify(nxp_gazebo/models/start_point/materials/textures) by extension 'colcon_meta'
[0.285s] Level 1:colcon.colcon_core.package_identification:_identify(nxp_gazebo/models/start_point/materials/textures) by extensions ['ros']
[0.285s] Level 1:colcon.colcon_core.package_identification:_identify(nxp_gazebo/models/start_point/materials/textures) by extension 'ros'
[0.285s] Level 1:colcon.colcon_core.package_identification:_identify(nxp_gazebo/models/start_point/materials/textures) by extensions ['cmake', 'python']
[0.286s] Level 1:colcon.colcon_core.package_identification:_identify(nxp_gazebo/models/start_point/materials/textures) by extension 'cmake'
[0.286s] Level 1:colcon.colcon_core.package_identification:_identify(nxp_gazebo/models/start_point/materials/textures) by extension 'python'
[0.286s] Level 1:colcon.colcon_core.package_identification:_identify(nxp_gazebo/models/start_point/materials/textures) by extensions ['python_setup_py']
[0.286s] Level 1:colcon.colcon_core.package_identification:_identify(nxp_gazebo/models/start_point/materials/textures) by extension 'python_setup_py'
[0.286s] Level 1:colcon.colcon_core.package_identification:_identify(nxp_gazebo/scripts) by extensions ['ignore', 'ignore_ament_install']
[0.286s] Level 1:colcon.colcon_core.package_identification:_identify(nxp_gazebo/scripts) by extension 'ignore'
[0.286s] Level 1:colcon.colcon_core.package_identification:_identify(nxp_gazebo/scripts) by extension 'ignore_ament_install'
[0.286s] Level 1:colcon.colcon_core.package_identification:_identify(nxp_gazebo/scripts) by extensions ['colcon_pkg']
[0.286s] Level 1:colcon.colcon_core.package_identification:_identify(nxp_gazebo/scripts) by extension 'colcon_pkg'
[0.286s] Level 1:colcon.colcon_core.package_identification:_identify(nxp_gazebo/scripts) by extensions ['colcon_meta']
[0.286s] Level 1:colcon.colcon_core.package_identification:_identify(nxp_gazebo/scripts) by extension 'colcon_meta'
[0.286s] Level 1:colcon.colcon_core.package_identification:_identify(nxp_gazebo/scripts) by extensions ['ros']
[0.286s] Level 1:colcon.colcon_core.package_identification:_identify(nxp_gazebo/scripts) by extension 'ros'
[0.286s] Level 1:colcon.colcon_core.package_identification:_identify(nxp_gazebo/scripts) by extensions ['cmake', 'python']
[0.286s] Level 1:colcon.colcon_core.package_identification:_identify(nxp_gazebo/scripts) by extension 'cmake'
[0.286s] Level 1:colcon.colcon_core.package_identification:_identify(nxp_gazebo/scripts) by extension 'python'
[0.286s] Level 1:colcon.colcon_core.package_identification:_identify(nxp_gazebo/scripts) by extensions ['python_setup_py']
[0.286s] Level 1:colcon.colcon_core.package_identification:_identify(nxp_gazebo/scripts) by extension 'python_setup_py'
[0.286s] Level 1:colcon.colcon_core.package_identification:_identify(nxp_gazebo/worlds) by extensions ['ignore', 'ignore_ament_install']
[0.286s] Level 1:colcon.colcon_core.package_identification:_identify(nxp_gazebo/worlds) by extension 'ignore'
[0.286s] Level 1:colcon.colcon_core.package_identification:_identify(nxp_gazebo/worlds) by extension 'ignore_ament_install'
[0.286s] Level 1:colcon.colcon_core.package_identification:_identify(nxp_gazebo/worlds) by extensions ['colcon_pkg']
[0.286s] Level 1:colcon.colcon_core.package_identification:_identify(nxp_gazebo/worlds) by extension 'colcon_pkg'
[0.286s] Level 1:colcon.colcon_core.package_identification:_identify(nxp_gazebo/worlds) by extensions ['colcon_meta']
[0.286s] Level 1:colcon.colcon_core.package_identification:_identify(nxp_gazebo/worlds) by extension 'colcon_meta'
[0.286s] Level 1:colcon.colcon_core.package_identification:_identify(nxp_gazebo/worlds) by extensions ['ros']
[0.287s] Level 1:colcon.colcon_core.package_identification:_identify(nxp_gazebo/worlds) by extension 'ros'
[0.287s] Level 1:colcon.colcon_core.package_identification:_identify(nxp_gazebo/worlds) by extensions ['cmake', 'python']
[0.287s] Level 1:colcon.colcon_core.package_identification:_identify(nxp_gazebo/worlds) by extension 'cmake'
[0.287s] Level 1:colcon.colcon_core.package_identification:_identify(nxp_gazebo/worlds) by extension 'python'
[0.287s] Level 1:colcon.colcon_core.package_identification:_identify(nxp_gazebo/worlds) by extensions ['python_setup_py']
[0.287s] Level 1:colcon.colcon_core.package_identification:_identify(nxp_gazebo/worlds) by extension 'python_setup_py'
[0.287s] Level 1:colcon.colcon_core.package_identification:_identify(osrf) by extensions ['ignore', 'ignore_ament_install']
[0.287s] Level 1:colcon.colcon_core.package_identification:_identify(osrf) by extension 'ignore'
[0.287s] Level 1:colcon.colcon_core.package_identification:_identify(osrf) by extension 'ignore_ament_install'
[0.287s] Level 1:colcon.colcon_core.package_identification:_identify(osrf) by extensions ['colcon_pkg']
[0.287s] Level 1:colcon.colcon_core.package_identification:_identify(osrf) by extension 'colcon_pkg'
[0.287s] Level 1:colcon.colcon_core.package_identification:_identify(osrf) by extensions ['colcon_meta']
[0.287s] Level 1:colcon.colcon_core.package_identification:_identify(osrf) by extension 'colcon_meta'
[0.287s] Level 1:colcon.colcon_core.package_identification:_identify(osrf) by extensions ['ros']
[0.287s] Level 1:colcon.colcon_core.package_identification:_identify(osrf) by extension 'ros'
[0.287s] Level 1:colcon.colcon_core.package_identification:_identify(osrf) by extensions ['cmake', 'python']
[0.287s] Level 1:colcon.colcon_core.package_identification:_identify(osrf) by extension 'cmake'
[0.287s] Level 1:colcon.colcon_core.package_identification:_identify(osrf) by extension 'python'
[0.287s] Level 1:colcon.colcon_core.package_identification:_identify(osrf) by extensions ['python_setup_py']
[0.287s] Level 1:colcon.colcon_core.package_identification:_identify(osrf) by extension 'python_setup_py'
[0.287s] Level 1:colcon.colcon_core.package_identification:_identify(osrf/models) by extensions ['ignore', 'ignore_ament_install']
[0.288s] Level 1:colcon.colcon_core.package_identification:_identify(osrf/models) by extension 'ignore'
[0.288s] Level 1:colcon.colcon_core.package_identification:_identify(osrf/models) by extension 'ignore_ament_install'
[0.288s] Level 1:colcon.colcon_core.package_identification:_identify(osrf/models) by extensions ['colcon_pkg']
[0.288s] Level 1:colcon.colcon_core.package_identification:_identify(osrf/models) by extension 'colcon_pkg'
[0.288s] Level 1:colcon.colcon_core.package_identification:_identify(osrf/models) by extensions ['colcon_meta']
[0.288s] Level 1:colcon.colcon_core.package_identification:_identify(osrf/models) by extension 'colcon_meta'
[0.288s] Level 1:colcon.colcon_core.package_identification:_identify(osrf/models) by extensions ['ros']
[0.288s] Level 1:colcon.colcon_core.package_identification:_identify(osrf/models) by extension 'ros'
[0.288s] Level 1:colcon.colcon_core.package_identification:_identify(osrf/models) by extensions ['cmake', 'python']
[0.288s] Level 1:colcon.colcon_core.package_identification:_identify(osrf/models) by extension 'cmake'
[0.298s] Level 1:colcon.colcon_core.package_identification:_identify(osrf/models) by extension 'python'
[0.298s] DEBUG:colcon.colcon_core.package_identification:Package 'osrf/models' with type 'cmake' and name 'gazebo_models'
[0.298s] Level 1:colcon.colcon_core.package_identification:_identify(src) by extensions ['ignore', 'ignore_ament_install']
[0.298s] Level 1:colcon.colcon_core.package_identification:_identify(src) by extension 'ignore'
[0.298s] Level 1:colcon.colcon_core.package_identification:_identify(src) by extension 'ignore_ament_install'
[0.298s] Level 1:colcon.colcon_core.package_identification:_identify(src) by extensions ['colcon_pkg']
[0.298s] Level 1:colcon.colcon_core.package_identification:_identify(src) by extension 'colcon_pkg'
[0.298s] Level 1:colcon.colcon_core.package_identification:_identify(src) by extensions ['colcon_meta']
[0.298s] Level 1:colcon.colcon_core.package_identification:_identify(src) by extension 'colcon_meta'
[0.298s] Level 1:colcon.colcon_core.package_identification:_identify(src) by extensions ['ros']
[0.298s] Level 1:colcon.colcon_core.package_identification:_identify(src) by extension 'ros'
[0.298s] Level 1:colcon.colcon_core.package_identification:_identify(src) by extensions ['cmake', 'python']
[0.298s] Level 1:colcon.colcon_core.package_identification:_identify(src) by extension 'cmake'
[0.298s] Level 1:colcon.colcon_core.package_identification:_identify(src) by extension 'python'
[0.298s] Level 1:colcon.colcon_core.package_identification:_identify(src) by extensions ['python_setup_py']
[0.298s] Level 1:colcon.colcon_core.package_identification:_identify(src) by extension 'python_setup_py'
[0.298s] Level 1:colcon.colcon_core.package_identification:_identify(src/nxp_cup_interfaces) by extensions ['ignore', 'ignore_ament_install']
[0.298s] Level 1:colcon.colcon_core.package_identification:_identify(src/nxp_cup_interfaces) by extension 'ignore'
[0.299s] Level 1:colcon.colcon_core.package_identification:_identify(src/nxp_cup_interfaces) by extension 'ignore_ament_install'
[0.299s] Level 1:colcon.colcon_core.package_identification:_identify(src/nxp_cup_interfaces) by extensions ['colcon_pkg']
[0.299s] Level 1:colcon.colcon_core.package_identification:_identify(src/nxp_cup_interfaces) by extension 'colcon_pkg'
[0.299s] Level 1:colcon.colcon_core.package_identification:_identify(src/nxp_cup_interfaces) by extensions ['colcon_meta']
[0.299s] Level 1:colcon.colcon_core.package_identification:_identify(src/nxp_cup_interfaces) by extension 'colcon_meta'
[0.299s] Level 1:colcon.colcon_core.package_identification:_identify(src/nxp_cup_interfaces) by extensions ['ros']
[0.299s] Level 1:colcon.colcon_core.package_identification:_identify(src/nxp_cup_interfaces) by extension 'ros'
[0.301s] DEBUG:colcon.colcon_core.package_identification:Package 'src/nxp_cup_interfaces' with type 'ros.ament_cmake' and name 'nxp_cup_interfaces'
[0.301s] Level 1:colcon.colcon_core.package_identification:_identify(src/nxp_cup_vision) by extensions ['ignore', 'ignore_ament_install']
[0.301s] Level 1:colcon.colcon_core.package_identification:_identify(src/nxp_cup_vision) by extension 'ignore'
[0.301s] Level 1:colcon.colcon_core.package_identification:_identify(src/nxp_cup_vision) by extension 'ignore_ament_install'
[0.301s] Level 1:colcon.colcon_core.package_identification:_identify(src/nxp_cup_vision) by extensions ['colcon_pkg']
[0.301s] Level 1:colcon.colcon_core.package_identification:_identify(src/nxp_cup_vision) by extension 'colcon_pkg'
[0.301s] Level 1:colcon.colcon_core.package_identification:_identify(src/nxp_cup_vision) by extensions ['colcon_meta']
[0.301s] Level 1:colcon.colcon_core.package_identification:_identify(src/nxp_cup_vision) by extension 'colcon_meta'
[0.301s] Level 1:colcon.colcon_core.package_identification:_identify(src/nxp_cup_vision) by extensions ['ros']
[0.301s] Level 1:colcon.colcon_core.package_identification:_identify(src/nxp_cup_vision) by extension 'ros'
[0.302s] DEBUG:colcon.colcon_core.package_identification:Package 'src/nxp_cup_vision' with type 'ros.ament_python' and name 'nxp_cup_vision'
[0.302s] Level 1:colcon.colcon_core.package_identification:_identify(src/sim_gazebo_bringup) by extensions ['ignore', 'ignore_ament_install']
[0.302s] Level 1:colcon.colcon_core.package_identification:_identify(src/sim_gazebo_bringup) by extension 'ignore'
[0.302s] Level 1:colcon.colcon_core.package_identification:_identify(src/sim_gazebo_bringup) by extension 'ignore_ament_install'
[0.302s] Level 1:colcon.colcon_core.package_identification:_identify(src/sim_gazebo_bringup) by extensions ['colcon_pkg']
[0.302s] Level 1:colcon.colcon_core.package_identification:_identify(src/sim_gazebo_bringup) by extension 'colcon_pkg'
[0.302s] Level 1:colcon.colcon_core.package_identification:_identify(src/sim_gazebo_bringup) by extensions ['colcon_meta']
[0.302s] Level 1:colcon.colcon_core.package_identification:_identify(src/sim_gazebo_bringup) by extension 'colcon_meta'
[0.302s] Level 1:colcon.colcon_core.package_identification:_identify(src/sim_gazebo_bringup) by extensions ['ros']
[0.302s] Level 1:colcon.colcon_core.package_identification:_identify(src/sim_gazebo_bringup) by extension 'ros'
[0.303s] DEBUG:colcon.colcon_core.package_identification:Package 'src/sim_gazebo_bringup' with type 'ros.ament_cmake' and name 'sim_gazebo_bringup'
[0.303s] Level 1:colcon.colcon_core.package_discovery:discover_packages(recursive) using defaults
[0.303s] Level 1:colcon.colcon_core.package_discovery:discover_packages(ignore) discover
[0.303s] Level 1:colcon.colcon_core.package_discovery:discover_packages(ignore) using defaults
[0.303s] Level 1:colcon.colcon_core.package_discovery:discover_packages(path) discover
[0.303s] Level 1:colcon.colcon_core.package_discovery:discover_packages(path) using defaults
[0.318s] INFO:colcon.colcon_core.package_selection:Skipping not selected package 'gazebo_models' in 'osrf/models'
[0.318s] INFO:colcon.colcon_core.package_selection:Skipping not selected package 'nxp_cup_interfaces' in 'src/nxp_cup_interfaces'
[0.318s] INFO:colcon.colcon_core.package_selection:Skipping not selected package 'sim_gazebo_bringup' in 'src/sim_gazebo_bringup'
[0.319s] Level 1:colcon.colcon_core.package_discovery:discover_packages(prefix_path) check parameters
[0.319s] Level 1:colcon.colcon_core.package_discovery:discover_packages(prefix_path) discover
[0.320s] DEBUG:colcon.colcon_installed_package_information.package_discovery:Found 2 installed packages in /home/pranay/ros2ws/install
[0.321s] DEBUG:colcon.colcon_installed_package_information.package_discovery:Found 300 installed packages in /opt/ros/foxy
[0.323s] Level 1:colcon.colcon_core.package_discovery:discover_packages(prefix_path) using defaults
[0.382s] Level 5:colcon.colcon_core.verb:set package 'nxp_cup_vision' build argument 'cmake_args' from command line to 'None'
[0.382s] Level 5:colcon.colcon_core.verb:set package 'nxp_cup_vision' build argument 'cmake_target' from command line to 'None'
[0.382s] Level 5:colcon.colcon_core.verb:set package 'nxp_cup_vision' build argument 'cmake_target_skip_unavailable' from command line to 'False'
[0.382s] Level 5:colcon.colcon_core.verb:set package 'nxp_cup_vision' build argument 'cmake_clean_cache' from command line to 'False'
[0.382s] Level 5:colcon.colcon_core.verb:set package 'nxp_cup_vision' build argument 'cmake_clean_first' from command line to 'False'
[0.382s] Level 5:colcon.colcon_core.verb:set package 'nxp_cup_vision' build argument 'cmake_force_configure' from command line to 'False'
[0.382s] Level 5:colcon.colcon_core.verb:set package 'nxp_cup_vision' build argument 'ament_cmake_args' from command line to 'None'
[0.382s] Level 5:colcon.colcon_core.verb:set package 'nxp_cup_vision' build argument 'catkin_cmake_args' from command line to 'None'
[0.382s] Level 5:colcon.colcon_core.verb:set package 'nxp_cup_vision' build argument 'catkin_skip_building_tests' from command line to 'False'
[0.382s] DEBUG:colcon.colcon_core.verb:Building package 'nxp_cup_vision' with the following arguments: {'ament_cmake_args': None, 'build_base': '/home/pranay/ros2ws/build/nxp_cup_vision', 'catkin_cmake_args': None, 'catkin_skip_building_tests': False, 'cmake_args': None, 'cmake_clean_cache': False, 'cmake_clean_first': False, 'cmake_force_configure': False, 'cmake_target': None, 'cmake_target_skip_unavailable': False, 'install_base': '/home/pranay/ros2ws/install/nxp_cup_vision', 'merge_install': False, 'path': '/home/pranay/ros2ws/src/nxp_cup_vision', 'symlink_install': True, 'test_result_base': None}
[0.382s] INFO:colcon.colcon_core.executor:Executing jobs using 'parallel' executor
[0.384s] DEBUG:colcon.colcon_parallel_executor.executor.parallel:run_until_complete
[0.384s] INFO:colcon.colcon_ros.task.ament_python.build:Building ROS package in '/home/pranay/ros2ws/src/nxp_cup_vision' with build type 'ament_python'
[0.384s] Level 1:colcon.colcon_core.shell:create_environment_hook('nxp_cup_vision', 'ament_prefix_path')
[0.387s] INFO:colcon.colcon_core.plugin_system:Skipping extension 'colcon_core.shell.bat': Not used on non-Windows systems
[0.387s] INFO:colcon.colcon_core.shell:Creating environment hook '/home/pranay/ros2ws/install/nxp_cup_vision/share/nxp_cup_vision/hook/ament_prefix_path.ps1'
[0.387s] INFO:colcon.colcon_core.shell:Creating environment descriptor '/home/pranay/ros2ws/install/nxp_cup_vision/share/nxp_cup_vision/hook/ament_prefix_path.dsv'
[0.387s] INFO:colcon.colcon_core.shell:Creating environment hook '/home/pranay/ros2ws/install/nxp_cup_vision/share/nxp_cup_vision/hook/ament_prefix_path.sh'
[0.388s] INFO:colcon.colcon_core.shell:Skip shell extension 'powershell' for command environment: Not usable outside of PowerShell
[0.388s] DEBUG:colcon.colcon_core.shell:Skip shell extension 'dsv' for command environment
[1.012s] INFO:colcon.colcon_core.task.python.build:Building Python package in '/home/pranay/ros2ws/src/nxp_cup_vision'
[1.013s] INFO:colcon.colcon_core.shell:Skip shell extension 'powershell' for command environment: Not usable outside of PowerShell
[1.013s] DEBUG:colcon.colcon_core.shell:Skip shell extension 'dsv' for command environment
[1.856s] DEBUG:colcon.colcon_core.event_handler.log_command:Invoking command in '/home/pranay/ros2ws/build/nxp_cup_vision': AMENT_PREFIX_PATH=/home/pranay/ros2ws/install/nxp_cup_interfaces:${AMENT_PREFIX_PATH} CMAKE_PREFIX_PATH=/home/pranay/ros2ws/install/nxp_cup_interfaces:${CMAKE_PREFIX_PATH} LD_LIBRARY_PATH=/home/pranay/ros2ws/install/nxp_cup_interfaces/lib:${LD_LIBRARY_PATH} PYTHONPATH=/home/pranay/ros2ws/install/nxp_cup_vision/lib/python3.8/site-packages:/home/pranay/ros2ws/install/nxp_cup_interfaces/lib/python3.8/site-packages:${PYTHONPATH} /usr/bin/python3 setup.py develop --prefix /home/pranay/ros2ws/install/nxp_cup_vision --editable --build-directory /home/pranay/ros2ws/build/nxp_cup_vision/build --no-deps install_data --install-dir /home/pranay/ros2ws/install/nxp_cup_vision
[3.447s] Level 1:colcon.colcon_core.shell:create_environment_hook('nxp_cup_vision', 'pythonpath_develop')
[3.448s] INFO:colcon.colcon_core.shell:Creating environment hook '/home/pranay/ros2ws/build/nxp_cup_vision/share/nxp_cup_vision/hook/pythonpath_develop.ps1'
[3.448s] DEBUG:colcon.colcon_core.event_handler.log_command:Invoked command in '/home/pranay/ros2ws/build/nxp_cup_vision' returned '0': AMENT_PREFIX_PATH=/home/pranay/ros2ws/install/nxp_cup_interfaces:${AMENT_PREFIX_PATH} CMAKE_PREFIX_PATH=/home/pranay/ros2ws/install/nxp_cup_interfaces:${CMAKE_PREFIX_PATH} LD_LIBRARY_PATH=/home/pranay/ros2ws/install/nxp_cup_interfaces/lib:${LD_LIBRARY_PATH} PYTHONPATH=/home/pranay/ros2ws/install/nxp_cup_vision/lib/python3.8/site-packages:/home/pranay/ros2ws/install/nxp_cup_interfaces/lib/python3.8/site-packages:${PYTHONPATH} /usr/bin/python3 setup.py develop --prefix /home/pranay/ros2ws/install/nxp_cup_vision --editable --build-directory /home/pranay/ros2ws/build/nxp_cup_vision/build --no-deps install_data --install-dir /home/pranay/ros2ws/install/nxp_cup_vision
[3.448s] INFO:colcon.colcon_core.shell:Creating environment descriptor '/home/pranay/ros2ws/build/nxp_cup_vision/share/nxp_cup_vision/hook/pythonpath_develop.dsv'
[3.449s] INFO:colcon.colcon_core.shell:Creating environment hook '/home/pranay/ros2ws/build/nxp_cup_vision/share/nxp_cup_vision/hook/pythonpath_develop.sh'
[3.452s] Level 1:colcon.colcon_core.environment:checking '/home/pranay/ros2ws/install/nxp_cup_vision' for CMake module files
[3.452s] Level 1:colcon.colcon_core.environment:checking '/home/pranay/ros2ws/install/nxp_cup_vision' for CMake config files
[3.452s] Level 1:colcon.colcon_core.environment:checking '/home/pranay/ros2ws/install/nxp_cup_vision/lib'
[3.453s] Level 1:colcon.colcon_core.environment:checking '/home/pranay/ros2ws/install/nxp_cup_vision/bin'
[3.453s] Level 1:colcon.colcon_core.environment:checking '/home/pranay/ros2ws/install/nxp_cup_vision/lib/pkgconfig/nxp_cup_vision.pc'
[3.453s] Level 1:colcon.colcon_core.environment:checking '/home/pranay/ros2ws/install/nxp_cup_vision/lib/python3.8/site-packages'
[3.453s] Level 1:colcon.colcon_core.shell:create_environment_hook('nxp_cup_vision', 'pythonpath')
[3.453s] INFO:colcon.colcon_core.shell:Creating environment hook '/home/pranay/ros2ws/install/nxp_cup_vision/share/nxp_cup_vision/hook/pythonpath.ps1'
[3.453s] INFO:colcon.colcon_core.shell:Creating environment descriptor '/home/pranay/ros2ws/install/nxp_cup_vision/share/nxp_cup_vision/hook/pythonpath.dsv'
[3.454s] INFO:colcon.colcon_core.shell:Creating environment hook '/home/pranay/ros2ws/install/nxp_cup_vision/share/nxp_cup_vision/hook/pythonpath.sh'
[3.454s] Level 1:colcon.colcon_core.environment:checking '/home/pranay/ros2ws/install/nxp_cup_vision/bin'
[3.454s] Level 1:colcon.colcon_core.environment:create_environment_scripts_only(nxp_cup_vision)
[3.454s] INFO:colcon.colcon_core.shell:Creating package script '/home/pranay/ros2ws/install/nxp_cup_vision/share/nxp_cup_vision/package.ps1'
[3.455s] INFO:colcon.colcon_core.shell:Creating package descriptor '/home/pranay/ros2ws/install/nxp_cup_vision/share/nxp_cup_vision/package.dsv'
[3.455s] INFO:colcon.colcon_core.shell:Creating package script '/home/pranay/ros2ws/install/nxp_cup_vision/share/nxp_cup_vision/package.sh'
[3.456s] INFO:colcon.colcon_core.shell:Creating package script '/home/pranay/ros2ws/install/nxp_cup_vision/share/nxp_cup_vision/package.bash'
[3.456s] INFO:colcon.colcon_core.shell:Creating package script '/home/pranay/ros2ws/install/nxp_cup_vision/share/nxp_cup_vision/package.zsh'
[3.457s] Level 1:colcon.colcon_core.environment:create_file_with_runtime_dependencies(/home/pranay/ros2ws/install/nxp_cup_vision/share/colcon-core/packages/nxp_cup_vision)
[3.457s] DEBUG:colcon.colcon_parallel_executor.executor.parallel:closing loop
[3.457s] DEBUG:colcon.colcon_parallel_executor.executor.parallel:loop closed
[3.457s] DEBUG:colcon.colcon_parallel_executor.executor.parallel:run_until_complete finished with '0'
[3.457s] DEBUG:colcon.colcon_core.event_reactor:joining thread
[3.462s] INFO:colcon.colcon_core.plugin_system:Skipping extension 'colcon_notification.desktop_notification.terminal_notifier': Not used on non-Darwin systems
[3.462s] INFO:colcon.colcon_core.plugin_system:Skipping extension 'colcon_notification.desktop_notification.win32': Not used on non-Windows systems
[3.462s] INFO:colcon.colcon_notification.desktop_notification:Sending desktop notification using 'notify2'
[3.467s] DEBUG:colcon.colcon_core.event_reactor:joined thread
[3.468s] INFO:colcon.colcon_core.shell:Creating prefix script '/home/pranay/ros2ws/install/local_setup.ps1'
[3.469s] INFO:colcon.colcon_core.shell:Creating prefix util module '/home/pranay/ros2ws/install/_local_setup_util_ps1.py'
[3.470s] INFO:colcon.colcon_core.shell:Creating prefix chain script '/home/pranay/ros2ws/install/setup.ps1'
[3.471s] INFO:colcon.colcon_core.shell:Creating prefix script '/home/pranay/ros2ws/install/local_setup.sh'
[3.472s] INFO:colcon.colcon_core.shell:Creating prefix util module '/home/pranay/ros2ws/install/_local_setup_util_sh.py'
[3.472s] INFO:colcon.colcon_core.shell:Creating prefix chain script '/home/pranay/ros2ws/install/setup.sh'
[3.473s] INFO:colcon.colcon_core.shell:Creating prefix script '/home/pranay/ros2ws/install/local_setup.bash'
[3.473s] INFO:colcon.colcon_core.shell:Creating prefix chain script '/home/pranay/ros2ws/install/setup.bash'
[3.474s] INFO:colcon.colcon_core.shell:Creating prefix script '/home/pranay/ros2ws/install/local_setup.zsh'
[3.474s] INFO:colcon.colcon_core.shell:Creating prefix chain script '/home/pranay/ros2ws/install/setup.zsh'
